[2025-10-19T16:10:57.839+0000] {manager.py:470} INFO - Processing files using up to 2 processes at a time 
[2025-10-19T16:10:57.840+0000] {manager.py:471} INFO - Process each file at most once every 30 seconds
[2025-10-19T16:10:57.842+0000] {manager.py:472} INFO - Checking for new files in /opt/airflow/dags every 300 seconds
[2025-10-19T16:10:57.843+0000] {manager.py:737} INFO - Searching for files in /opt/airflow/dags
[2025-10-19T16:10:57.860+0000] {manager.py:740} INFO - There are 1 files in /opt/airflow/dags
[2025-10-19T16:10:57.954+0000] {manager.py:878} INFO - 
================================================================================
DAG File Processing Stats

File Path                                   PID  Runtime      # DAGs    # Errors  Last Runtime    Last Run
----------------------------------------  -----  ---------  --------  ----------  --------------  ----------
/opt/airflow/dags/airbnb_pipeline_dag.py    181  0.04s             0           0
================================================================================
[2025-10-19T16:11:28.193+0000] {manager.py:878} INFO - 
================================================================================
DAG File Processing Stats

File Path                                   PID  Runtime      # DAGs    # Errors  Last Runtime    Last Run
----------------------------------------  -----  ---------  --------  ----------  --------------  -------------------
/opt/airflow/dags/airbnb_pipeline_dag.py    186  0.01s             1           0  0.15s           2025-10-19T16:10:58
================================================================================
[2025-10-19T16:11:58.489+0000] {manager.py:878} INFO - 
================================================================================
DAG File Processing Stats

File Path                                 PID    Runtime      # DAGs    # Errors  Last Runtime    Last Run
----------------------------------------  -----  ---------  --------  ----------  --------------  -------------------
/opt/airflow/dags/airbnb_pipeline_dag.py                           1           0  0.41s           2025-10-19T16:11:28
================================================================================
[2025-10-19T16:12:29.134+0000] {manager.py:878} INFO - 
================================================================================
DAG File Processing Stats

File Path                                   PID  Runtime      # DAGs    # Errors  Last Runtime    Last Run
----------------------------------------  -----  ---------  --------  ----------  --------------  -------------------
/opt/airflow/dags/airbnb_pipeline_dag.py    196  0.00s             1           0  0.17s           2025-10-19T16:11:59
================================================================================
[2025-10-19T16:12:59.392+0000] {manager.py:878} INFO - 
================================================================================
DAG File Processing Stats

File Path                                   PID  Runtime      # DAGs    # Errors  Last Runtime    Last Run
----------------------------------------  -----  ---------  --------  ----------  --------------  -------------------
/opt/airflow/dags/airbnb_pipeline_dag.py    201  0.00s             1           0  0.14s           2025-10-19T16:12:29
================================================================================
[2025-10-19T16:13:29.740+0000] {manager.py:878} INFO - 
================================================================================
DAG File Processing Stats

File Path                                   PID  Runtime      # DAGs    # Errors  Last Runtime    Last Run
----------------------------------------  -----  ---------  --------  ----------  --------------  -------------------
/opt/airflow/dags/airbnb_pipeline_dag.py    209  0.00s             1           0  0.14s           2025-10-19T16:12:59
================================================================================
[2025-10-19T16:14:00.090+0000] {manager.py:878} INFO - 
================================================================================
DAG File Processing Stats

File Path                                   PID  Runtime      # DAGs    # Errors  Last Runtime    Last Run
----------------------------------------  -----  ---------  --------  ----------  --------------  -------------------
/opt/airflow/dags/airbnb_pipeline_dag.py    214  0.00s             1           0  0.13s           2025-10-19T16:13:29
================================================================================
[2025-10-19T16:14:30.447+0000] {manager.py:878} INFO - 
================================================================================
DAG File Processing Stats

File Path                                   PID  Runtime      # DAGs    # Errors  Last Runtime    Last Run
----------------------------------------  -----  ---------  --------  ----------  --------------  -------------------
/opt/airflow/dags/airbnb_pipeline_dag.py    219  0.00s             1           0  0.13s           2025-10-19T16:14:00
================================================================================
[2025-10-19T16:15:00.737+0000] {manager.py:878} INFO - 
================================================================================
DAG File Processing Stats

File Path                                   PID  Runtime      # DAGs    # Errors  Last Runtime    Last Run
----------------------------------------  -----  ---------  --------  ----------  --------------  -------------------
/opt/airflow/dags/airbnb_pipeline_dag.py    224  0.00s             1           0  0.13s           2025-10-19T16:14:30
================================================================================
[2025-10-19T16:15:31.059+0000] {manager.py:878} INFO - 
================================================================================
DAG File Processing Stats

File Path                                   PID  Runtime      # DAGs    # Errors  Last Runtime    Last Run
----------------------------------------  -----  ---------  --------  ----------  --------------  -------------------
/opt/airflow/dags/airbnb_pipeline_dag.py    229  0.00s             1           0  0.14s           2025-10-19T16:15:00
================================================================================
[2025-10-19T16:15:58.323+0000] {manager.py:737} INFO - Searching for files in /opt/airflow/dags
[2025-10-19T16:15:58.357+0000] {manager.py:740} INFO - There are 1 files in /opt/airflow/dags
[2025-10-19T16:16:01.417+0000] {manager.py:878} INFO - 
================================================================================
DAG File Processing Stats

File Path                                   PID  Runtime      # DAGs    # Errors  Last Runtime    Last Run
----------------------------------------  -----  ---------  --------  ----------  --------------  -------------------
/opt/airflow/dags/airbnb_pipeline_dag.py    234  0.00s             1           0  0.13s           2025-10-19T16:15:31
================================================================================
[2025-10-19T16:16:31.734+0000] {manager.py:878} INFO - 
================================================================================
DAG File Processing Stats

File Path                                   PID  Runtime      # DAGs    # Errors  Last Runtime    Last Run
----------------------------------------  -----  ---------  --------  ----------  --------------  -------------------
/opt/airflow/dags/airbnb_pipeline_dag.py    239  0.00s             1           0  0.12s           2025-10-19T16:16:01
================================================================================
[2025-10-19T16:17:02.096+0000] {manager.py:878} INFO - 
================================================================================
DAG File Processing Stats

File Path                                   PID  Runtime      # DAGs    # Errors  Last Runtime    Last Run
----------------------------------------  -----  ---------  --------  ----------  --------------  -------------------
/opt/airflow/dags/airbnb_pipeline_dag.py    244  0.00s             1           0  0.13s           2025-10-19T16:16:31
================================================================================
[2025-10-19T16:17:32.421+0000] {manager.py:878} INFO - 
================================================================================
DAG File Processing Stats

File Path                                   PID  Runtime      # DAGs    # Errors  Last Runtime    Last Run
----------------------------------------  -----  ---------  --------  ----------  --------------  -------------------
/opt/airflow/dags/airbnb_pipeline_dag.py    249  0.00s             1           0  0.14s           2025-10-19T16:17:02
================================================================================
[2025-10-19T16:18:02.807+0000] {manager.py:878} INFO - 
================================================================================
DAG File Processing Stats

File Path                                   PID  Runtime      # DAGs    # Errors  Last Runtime    Last Run
----------------------------------------  -----  ---------  --------  ----------  --------------  -------------------
/opt/airflow/dags/airbnb_pipeline_dag.py    254  0.00s             1           0  0.14s           2025-10-19T16:17:32
================================================================================
[2025-10-19T16:18:33.137+0000] {manager.py:878} INFO - 
================================================================================
DAG File Processing Stats

File Path                                   PID  Runtime      # DAGs    # Errors  Last Runtime    Last Run
----------------------------------------  -----  ---------  --------  ----------  --------------  -------------------
/opt/airflow/dags/airbnb_pipeline_dag.py    262  0.00s             1           0  0.12s           2025-10-19T16:18:02
================================================================================
[2025-10-19T16:19:03.477+0000] {manager.py:878} INFO - 
================================================================================
DAG File Processing Stats

File Path                                   PID  Runtime      # DAGs    # Errors  Last Runtime    Last Run
----------------------------------------  -----  ---------  --------  ----------  --------------  -------------------
/opt/airflow/dags/airbnb_pipeline_dag.py    267  0.01s             1           0  0.14s           2025-10-19T16:18:33
================================================================================
[2025-10-19T16:19:33.873+0000] {manager.py:878} INFO - 
================================================================================
DAG File Processing Stats

File Path                                   PID  Runtime      # DAGs    # Errors  Last Runtime    Last Run
----------------------------------------  -----  ---------  --------  ----------  --------------  -------------------
/opt/airflow/dags/airbnb_pipeline_dag.py    272  0.00s             1           0  0.14s           2025-10-19T16:19:03
================================================================================
[2025-10-19T16:20:04.200+0000] {manager.py:878} INFO - 
================================================================================
DAG File Processing Stats

File Path                                   PID  Runtime      # DAGs    # Errors  Last Runtime    Last Run
----------------------------------------  -----  ---------  --------  ----------  --------------  -------------------
/opt/airflow/dags/airbnb_pipeline_dag.py    277  0.00s             1           0  0.14s           2025-10-19T16:19:34
================================================================================
[2025-10-19T16:20:34.564+0000] {manager.py:878} INFO - 
================================================================================
DAG File Processing Stats

File Path                                   PID  Runtime      # DAGs    # Errors  Last Runtime    Last Run
----------------------------------------  -----  ---------  --------  ----------  --------------  -------------------
/opt/airflow/dags/airbnb_pipeline_dag.py    282  0.00s             1           0  0.13s           2025-10-19T16:20:04
================================================================================
[2025-10-19T16:20:58.756+0000] {manager.py:737} INFO - Searching for files in /opt/airflow/dags
[2025-10-19T16:20:58.783+0000] {manager.py:740} INFO - There are 1 files in /opt/airflow/dags
[2025-10-19T16:21:04.848+0000] {manager.py:878} INFO - 
================================================================================
DAG File Processing Stats

File Path                                   PID  Runtime      # DAGs    # Errors  Last Runtime    Last Run
----------------------------------------  -----  ---------  --------  ----------  --------------  -------------------
/opt/airflow/dags/airbnb_pipeline_dag.py    287  0.00s             1           0  0.14s           2025-10-19T16:20:34
================================================================================
[2025-10-19T16:21:35.265+0000] {manager.py:878} INFO - 
================================================================================
DAG File Processing Stats

File Path                                   PID  Runtime      # DAGs    # Errors  Last Runtime    Last Run
----------------------------------------  -----  ---------  --------  ----------  --------------  -------------------
/opt/airflow/dags/airbnb_pipeline_dag.py    292  0.00s             1           0  0.16s           2025-10-19T16:21:05
================================================================================
[2025-10-19T16:22:05.537+0000] {manager.py:878} INFO - 
================================================================================
DAG File Processing Stats

File Path                                   PID  Runtime      # DAGs    # Errors  Last Runtime    Last Run
----------------------------------------  -----  ---------  --------  ----------  --------------  -------------------
/opt/airflow/dags/airbnb_pipeline_dag.py    297  0.00s             1           0  0.16s           2025-10-19T16:21:35
================================================================================
[2025-10-19T16:22:35.939+0000] {manager.py:878} INFO - 
================================================================================
DAG File Processing Stats

File Path                                   PID  Runtime      # DAGs    # Errors  Last Runtime    Last Run
----------------------------------------  -----  ---------  --------  ----------  --------------  -------------------
/opt/airflow/dags/airbnb_pipeline_dag.py    302  0.00s             1           0  0.17s           2025-10-19T16:22:05
================================================================================
[2025-10-19T16:23:06.225+0000] {manager.py:878} INFO - 
================================================================================
DAG File Processing Stats

File Path                                   PID  Runtime      # DAGs    # Errors  Last Runtime    Last Run
----------------------------------------  -----  ---------  --------  ----------  --------------  -------------------
/opt/airflow/dags/airbnb_pipeline_dag.py    307  0.00s             1           0  0.14s           2025-10-19T16:22:36
================================================================================
[2025-10-19T16:23:36.588+0000] {manager.py:878} INFO - 
================================================================================
DAG File Processing Stats

File Path                                   PID  Runtime      # DAGs    # Errors  Last Runtime    Last Run
----------------------------------------  -----  ---------  --------  ----------  --------------  -------------------
/opt/airflow/dags/airbnb_pipeline_dag.py    312  0.00s             1           0  0.16s           2025-10-19T16:23:06
================================================================================
[2025-10-19T16:24:06.911+0000] {manager.py:878} INFO - 
================================================================================
DAG File Processing Stats

File Path                                   PID  Runtime      # DAGs    # Errors  Last Runtime    Last Run
----------------------------------------  -----  ---------  --------  ----------  --------------  -------------------
/opt/airflow/dags/airbnb_pipeline_dag.py    317  0.00s             1           0  0.13s           2025-10-19T16:23:36
================================================================================
[2025-10-19T16:24:37.274+0000] {manager.py:878} INFO - 
================================================================================
DAG File Processing Stats

File Path                                   PID  Runtime      # DAGs    # Errors  Last Runtime    Last Run
----------------------------------------  -----  ---------  --------  ----------  --------------  -------------------
/opt/airflow/dags/airbnb_pipeline_dag.py    322  0.00s             1           0  0.15s           2025-10-19T16:24:07
================================================================================
[2025-10-19T16:25:07.569+0000] {manager.py:878} INFO - 
================================================================================
DAG File Processing Stats

File Path                                   PID  Runtime      # DAGs    # Errors  Last Runtime    Last Run
----------------------------------------  -----  ---------  --------  ----------  --------------  -------------------
/opt/airflow/dags/airbnb_pipeline_dag.py    327  0.00s             1           0  0.15s           2025-10-19T16:24:37
================================================================================
[2025-10-19T16:25:37.927+0000] {manager.py:878} INFO - 
================================================================================
DAG File Processing Stats

File Path                                   PID  Runtime      # DAGs    # Errors  Last Runtime    Last Run
----------------------------------------  -----  ---------  --------  ----------  --------------  -------------------
/opt/airflow/dags/airbnb_pipeline_dag.py    332  0.00s             1           0  0.16s           2025-10-19T16:25:07
================================================================================
[2025-10-19T16:25:59.167+0000] {manager.py:737} INFO - Searching for files in /opt/airflow/dags
[2025-10-19T16:25:59.213+0000] {manager.py:740} INFO - There are 1 files in /opt/airflow/dags
[2025-10-19T16:26:08.325+0000] {manager.py:878} INFO - 
================================================================================
DAG File Processing Stats

File Path                                   PID  Runtime      # DAGs    # Errors  Last Runtime    Last Run
----------------------------------------  -----  ---------  --------  ----------  --------------  -------------------
/opt/airflow/dags/airbnb_pipeline_dag.py    337  0.00s             1           0  0.13s           2025-10-19T16:25:38
================================================================================
[2025-10-19T16:26:38.636+0000] {manager.py:878} INFO - 
================================================================================
DAG File Processing Stats

File Path                                   PID  Runtime      # DAGs    # Errors  Last Runtime    Last Run
----------------------------------------  -----  ---------  --------  ----------  --------------  -------------------
/opt/airflow/dags/airbnb_pipeline_dag.py    342  0.00s             1           0  0.13s           2025-10-19T16:26:08
================================================================================
[2025-10-19T16:27:08.995+0000] {manager.py:878} INFO - 
================================================================================
DAG File Processing Stats

File Path                                   PID  Runtime      # DAGs    # Errors  Last Runtime    Last Run
----------------------------------------  -----  ---------  --------  ----------  --------------  -------------------
/opt/airflow/dags/airbnb_pipeline_dag.py    347  0.00s             1           0  0.14s           2025-10-19T16:26:38
================================================================================
[2025-10-19T16:27:39.261+0000] {manager.py:878} INFO - 
================================================================================
DAG File Processing Stats

File Path                                   PID  Runtime      # DAGs    # Errors  Last Runtime    Last Run
----------------------------------------  -----  ---------  --------  ----------  --------------  -------------------
/opt/airflow/dags/airbnb_pipeline_dag.py    352  0.00s             1           0  0.13s           2025-10-19T16:27:09
================================================================================
[2025-10-19T16:28:09.612+0000] {manager.py:878} INFO - 
================================================================================
DAG File Processing Stats

File Path                                   PID  Runtime      # DAGs    # Errors  Last Runtime    Last Run
----------------------------------------  -----  ---------  --------  ----------  --------------  -------------------
/opt/airflow/dags/airbnb_pipeline_dag.py    357  0.00s             1           0  0.21s           2025-10-19T16:27:39
================================================================================
[2025-10-19T16:28:39.891+0000] {manager.py:878} INFO - 
================================================================================
DAG File Processing Stats

File Path                                   PID  Runtime      # DAGs    # Errors  Last Runtime    Last Run
----------------------------------------  -----  ---------  --------  ----------  --------------  -------------------
/opt/airflow/dags/airbnb_pipeline_dag.py    362  0.00s             1           0  0.14s           2025-10-19T16:28:09
================================================================================
[2025-10-19T16:29:10.205+0000] {manager.py:878} INFO - 
================================================================================
DAG File Processing Stats

File Path                                   PID  Runtime      # DAGs    # Errors  Last Runtime    Last Run
----------------------------------------  -----  ---------  --------  ----------  --------------  -------------------
/opt/airflow/dags/airbnb_pipeline_dag.py    367  0.00s             1           0  0.13s           2025-10-19T16:28:40
================================================================================
[2025-10-19T16:29:40.567+0000] {manager.py:878} INFO - 
================================================================================
DAG File Processing Stats

File Path                                   PID  Runtime      # DAGs    # Errors  Last Runtime    Last Run
----------------------------------------  -----  ---------  --------  ----------  --------------  -------------------
/opt/airflow/dags/airbnb_pipeline_dag.py    372  0.00s             1           0  0.13s           2025-10-19T16:29:10
================================================================================
[2025-10-19T16:30:10.860+0000] {manager.py:878} INFO - 
================================================================================
DAG File Processing Stats

File Path                                   PID  Runtime      # DAGs    # Errors  Last Runtime    Last Run
----------------------------------------  -----  ---------  --------  ----------  --------------  -------------------
/opt/airflow/dags/airbnb_pipeline_dag.py    377  0.00s             1           0  0.13s           2025-10-19T16:29:40
================================================================================
[2025-10-19T16:30:41.246+0000] {manager.py:878} INFO - 
================================================================================
DAG File Processing Stats

File Path                                   PID  Runtime      # DAGs    # Errors  Last Runtime    Last Run
----------------------------------------  -----  ---------  --------  ----------  --------------  -------------------
/opt/airflow/dags/airbnb_pipeline_dag.py    382  0.00s             1           0  0.14s           2025-10-19T16:30:10
================================================================================
[2025-10-19T16:30:59.425+0000] {manager.py:737} INFO - Searching for files in /opt/airflow/dags
[2025-10-19T16:30:59.458+0000] {manager.py:740} INFO - There are 1 files in /opt/airflow/dags
[2025-10-19T16:31:11.594+0000] {manager.py:878} INFO - 
================================================================================
DAG File Processing Stats

File Path                                   PID  Runtime      # DAGs    # Errors  Last Runtime    Last Run
----------------------------------------  -----  ---------  --------  ----------  --------------  -------------------
/opt/airflow/dags/airbnb_pipeline_dag.py    387  0.00s             1           0  0.13s           2025-10-19T16:30:41
================================================================================
[2025-10-19T16:31:41.956+0000] {manager.py:878} INFO - 
================================================================================
DAG File Processing Stats

File Path                                   PID  Runtime      # DAGs    # Errors  Last Runtime    Last Run
----------------------------------------  -----  ---------  --------  ----------  --------------  -------------------
/opt/airflow/dags/airbnb_pipeline_dag.py    392  0.00s             1           0  0.18s           2025-10-19T16:31:11
================================================================================
[2025-10-19T16:32:12.351+0000] {manager.py:878} INFO - 
================================================================================
DAG File Processing Stats

File Path                                   PID  Runtime      # DAGs    # Errors  Last Runtime    Last Run
----------------------------------------  -----  ---------  --------  ----------  --------------  -------------------
/opt/airflow/dags/airbnb_pipeline_dag.py    397  0.00s             1           0  0.14s           2025-10-19T16:31:42
================================================================================
[2025-10-19T16:32:42.628+0000] {manager.py:878} INFO - 
================================================================================
DAG File Processing Stats

File Path                                   PID  Runtime      # DAGs    # Errors  Last Runtime    Last Run
----------------------------------------  -----  ---------  --------  ----------  --------------  -------------------
/opt/airflow/dags/airbnb_pipeline_dag.py    402  0.00s             1           0  0.14s           2025-10-19T16:32:12
================================================================================
[2025-10-19T16:33:13.016+0000] {manager.py:878} INFO - 
================================================================================
DAG File Processing Stats

File Path                                   PID  Runtime      # DAGs    # Errors  Last Runtime    Last Run
----------------------------------------  -----  ---------  --------  ----------  --------------  -------------------
/opt/airflow/dags/airbnb_pipeline_dag.py    407  0.00s             1           0  0.16s           2025-10-19T16:32:42
================================================================================
[2025-10-19T16:33:43.263+0000] {manager.py:878} INFO - 
================================================================================
DAG File Processing Stats

File Path                                   PID  Runtime      # DAGs    # Errors  Last Runtime    Last Run
----------------------------------------  -----  ---------  --------  ----------  --------------  -------------------
/opt/airflow/dags/airbnb_pipeline_dag.py    412  0.01s             1           0  0.15s           2025-10-19T16:33:13
================================================================================
[2025-10-19T16:34:13.658+0000] {manager.py:878} INFO - 
================================================================================
DAG File Processing Stats

File Path                                   PID  Runtime      # DAGs    # Errors  Last Runtime    Last Run
----------------------------------------  -----  ---------  --------  ----------  --------------  -------------------
/opt/airflow/dags/airbnb_pipeline_dag.py    454  0.00s             1           0  0.16s           2025-10-19T16:33:43
================================================================================
[2025-10-19T16:34:43.915+0000] {manager.py:878} INFO - 
================================================================================
DAG File Processing Stats

File Path                                   PID  Runtime      # DAGs    # Errors  Last Runtime    Last Run
----------------------------------------  -----  ---------  --------  ----------  --------------  -------------------
/opt/airflow/dags/airbnb_pipeline_dag.py    459  0.00s             1           0  0.13s           2025-10-19T16:34:13
================================================================================
[2025-10-19T16:35:14.286+0000] {manager.py:878} INFO - 
================================================================================
DAG File Processing Stats

File Path                                   PID  Runtime      # DAGs    # Errors  Last Runtime    Last Run
----------------------------------------  -----  ---------  --------  ----------  --------------  -------------------
/opt/airflow/dags/airbnb_pipeline_dag.py    464  0.00s             1           0  0.17s           2025-10-19T16:34:44
================================================================================
[2025-10-19T16:35:44.656+0000] {manager.py:878} INFO - 
================================================================================
DAG File Processing Stats

File Path                                   PID  Runtime      # DAGs    # Errors  Last Runtime    Last Run
----------------------------------------  -----  ---------  --------  ----------  --------------  -------------------
/opt/airflow/dags/airbnb_pipeline_dag.py    469  0.00s             1           0  0.14s           2025-10-19T16:35:14
================================================================================
[2025-10-19T16:35:59.821+0000] {manager.py:737} INFO - Searching for files in /opt/airflow/dags
[2025-10-19T16:35:59.845+0000] {manager.py:740} INFO - There are 1 files in /opt/airflow/dags
[2025-10-19T16:36:15.006+0000] {manager.py:878} INFO - 
================================================================================
DAG File Processing Stats

File Path                                   PID  Runtime      # DAGs    # Errors  Last Runtime    Last Run
----------------------------------------  -----  ---------  --------  ----------  --------------  -------------------
/opt/airflow/dags/airbnb_pipeline_dag.py    474  0.00s             1           0  0.14s           2025-10-19T16:35:44
================================================================================
[2025-10-19T16:36:45.314+0000] {manager.py:878} INFO - 
================================================================================
DAG File Processing Stats

File Path                                   PID  Runtime      # DAGs    # Errors  Last Runtime    Last Run
----------------------------------------  -----  ---------  --------  ----------  --------------  -------------------
/opt/airflow/dags/airbnb_pipeline_dag.py    479  0.00s             1           0  0.16s           2025-10-19T16:36:15
================================================================================
[2025-10-19T16:37:15.711+0000] {manager.py:878} INFO - 
================================================================================
DAG File Processing Stats

File Path                                   PID  Runtime      # DAGs    # Errors  Last Runtime    Last Run
----------------------------------------  -----  ---------  --------  ----------  --------------  -------------------
/opt/airflow/dags/airbnb_pipeline_dag.py    484  0.00s             1           0  0.13s           2025-10-19T16:36:45
================================================================================
[2025-10-19T16:37:28.381+0000] {manager.py:452} INFO - Exiting gracefully upon receiving signal 15
[2025-10-19T16:41:27.246+0000] {manager.py:470} INFO - Processing files using up to 2 processes at a time 
[2025-10-19T16:41:27.247+0000] {manager.py:471} INFO - Process each file at most once every 30 seconds
[2025-10-19T16:41:27.248+0000] {manager.py:472} INFO - Checking for new files in /opt/airflow/dags every 300 seconds
[2025-10-19T16:41:27.249+0000] {manager.py:737} INFO - Searching for files in /opt/airflow/dags
[2025-10-19T16:41:27.266+0000] {manager.py:740} INFO - There are 1 files in /opt/airflow/dags
[2025-10-19T16:41:27.409+0000] {manager.py:878} INFO - 
================================================================================
DAG File Processing Stats

File Path                                   PID  Runtime      # DAGs    # Errors  Last Runtime    Last Run
----------------------------------------  -----  ---------  --------  ----------  --------------  ----------
/opt/airflow/dags/airbnb_pipeline_dag.py    180  0.08s             0           0
================================================================================
[2025-10-19T16:41:57.667+0000] {manager.py:878} INFO - 
================================================================================
DAG File Processing Stats

File Path                                   PID  Runtime      # DAGs    # Errors  Last Runtime    Last Run
----------------------------------------  -----  ---------  --------  ----------  --------------  -------------------
/opt/airflow/dags/airbnb_pipeline_dag.py    209  0.01s             1           0  0.19s           2025-10-19T16:41:27
================================================================================
[2025-10-19T16:42:28.029+0000] {manager.py:878} INFO - 
================================================================================
DAG File Processing Stats

File Path                                   PID  Runtime      # DAGs    # Errors  Last Runtime    Last Run
----------------------------------------  -----  ---------  --------  ----------  --------------  -------------------
/opt/airflow/dags/airbnb_pipeline_dag.py    214  0.00s             1           0  0.33s           2025-10-19T16:41:57
================================================================================
[2025-10-19T16:42:58.247+0000] {manager.py:878} INFO - 
================================================================================
DAG File Processing Stats

File Path                                   PID  Runtime      # DAGs    # Errors  Last Runtime    Last Run
----------------------------------------  -----  ---------  --------  ----------  --------------  -------------------
/opt/airflow/dags/airbnb_pipeline_dag.py    219  0.00s             1           0  0.14s           2025-10-19T16:42:28
================================================================================
[2025-10-19T16:43:28.693+0000] {manager.py:878} INFO - 
================================================================================
DAG File Processing Stats

File Path                                   PID  Runtime      # DAGs    # Errors  Last Runtime    Last Run
----------------------------------------  -----  ---------  --------  ----------  --------------  -------------------
/opt/airflow/dags/airbnb_pipeline_dag.py    224  0.00s             1           0  0.15s           2025-10-19T16:42:58
================================================================================
[2025-10-19T16:43:59.034+0000] {manager.py:878} INFO - 
================================================================================
DAG File Processing Stats

File Path                                   PID  Runtime      # DAGs    # Errors  Last Runtime    Last Run
----------------------------------------  -----  ---------  --------  ----------  --------------  -------------------
/opt/airflow/dags/airbnb_pipeline_dag.py    229  0.00s             1           0  0.14s           2025-10-19T16:43:28
================================================================================
[2025-10-19T16:44:29.438+0000] {manager.py:878} INFO - 
================================================================================
DAG File Processing Stats

File Path                                   PID  Runtime      # DAGs    # Errors  Last Runtime    Last Run
----------------------------------------  -----  ---------  --------  ----------  --------------  -------------------
/opt/airflow/dags/airbnb_pipeline_dag.py    234  0.00s             1           0  0.13s           2025-10-19T16:43:59
================================================================================
[2025-10-19T16:44:59.762+0000] {manager.py:878} INFO - 
================================================================================
DAG File Processing Stats

File Path                                   PID  Runtime      # DAGs    # Errors  Last Runtime    Last Run
----------------------------------------  -----  ---------  --------  ----------  --------------  -------------------
/opt/airflow/dags/airbnb_pipeline_dag.py    239  0.00s             1           0  0.14s           2025-10-19T16:44:29
================================================================================
[2025-10-19T16:45:30.147+0000] {manager.py:878} INFO - 
================================================================================
DAG File Processing Stats

File Path                                   PID  Runtime      # DAGs    # Errors  Last Runtime    Last Run
----------------------------------------  -----  ---------  --------  ----------  --------------  -------------------
/opt/airflow/dags/airbnb_pipeline_dag.py    244  0.00s             1           0  0.15s           2025-10-19T16:44:59
================================================================================
[2025-10-19T16:46:00.447+0000] {manager.py:878} INFO - 
================================================================================
DAG File Processing Stats

File Path                                   PID  Runtime      # DAGs    # Errors  Last Runtime    Last Run
----------------------------------------  -----  ---------  --------  ----------  --------------  -------------------
/opt/airflow/dags/airbnb_pipeline_dag.py    249  0.00s             1           0  0.13s           2025-10-19T16:45:30
================================================================================
[2025-10-19T16:46:27.749+0000] {manager.py:737} INFO - Searching for files in /opt/airflow/dags
[2025-10-19T16:46:27.776+0000] {manager.py:740} INFO - There are 1 files in /opt/airflow/dags
[2025-10-19T16:46:30.828+0000] {manager.py:878} INFO - 
================================================================================
DAG File Processing Stats

File Path                                   PID  Runtime      # DAGs    # Errors  Last Runtime    Last Run
----------------------------------------  -----  ---------  --------  ----------  --------------  -------------------
/opt/airflow/dags/airbnb_pipeline_dag.py    291  0.00s             1           0  0.13s           2025-10-19T16:46:00
================================================================================
[2025-10-19T16:47:01.113+0000] {manager.py:878} INFO - 
================================================================================
DAG File Processing Stats

File Path                                   PID  Runtime      # DAGs    # Errors  Last Runtime    Last Run
----------------------------------------  -----  ---------  --------  ----------  --------------  -------------------
/opt/airflow/dags/airbnb_pipeline_dag.py    307  0.00s             1           0  0.14s           2025-10-19T16:46:30
================================================================================
[2025-10-19T16:47:31.439+0000] {manager.py:878} INFO - 
================================================================================
DAG File Processing Stats

File Path                                   PID  Runtime      # DAGs    # Errors  Last Runtime    Last Run
----------------------------------------  -----  ---------  --------  ----------  --------------  -------------------
/opt/airflow/dags/airbnb_pipeline_dag.py    312  0.00s             1           0  0.13s           2025-10-19T16:47:01
================================================================================
[2025-10-19T16:48:01.747+0000] {manager.py:878} INFO - 
================================================================================
DAG File Processing Stats

File Path                                   PID  Runtime      # DAGs    # Errors  Last Runtime    Last Run
----------------------------------------  -----  ---------  --------  ----------  --------------  -------------------
/opt/airflow/dags/airbnb_pipeline_dag.py    317  0.00s             1           0  0.15s           2025-10-19T16:47:31
================================================================================
[2025-10-19T16:48:32.084+0000] {manager.py:878} INFO - 
================================================================================
DAG File Processing Stats

File Path                                   PID  Runtime      # DAGs    # Errors  Last Runtime    Last Run
----------------------------------------  -----  ---------  --------  ----------  --------------  -------------------
/opt/airflow/dags/airbnb_pipeline_dag.py    322  0.00s             1           0  0.13s           2025-10-19T16:48:01
================================================================================
[2025-10-19T16:49:02.371+0000] {manager.py:878} INFO - 
================================================================================
DAG File Processing Stats

File Path                                   PID  Runtime      # DAGs    # Errors  Last Runtime    Last Run
----------------------------------------  -----  ---------  --------  ----------  --------------  -------------------
/opt/airflow/dags/airbnb_pipeline_dag.py    327  0.00s             1           0  0.14s           2025-10-19T16:48:32
================================================================================
[2025-10-19T16:49:32.744+0000] {manager.py:878} INFO - 
================================================================================
DAG File Processing Stats

File Path                                   PID  Runtime      # DAGs    # Errors  Last Runtime    Last Run
----------------------------------------  -----  ---------  --------  ----------  --------------  -------------------
/opt/airflow/dags/airbnb_pipeline_dag.py    332  0.00s             1           0  0.15s           2025-10-19T16:49:02
================================================================================
[2025-10-19T16:50:03.070+0000] {manager.py:878} INFO - 
================================================================================
DAG File Processing Stats

File Path                                   PID  Runtime      # DAGs    # Errors  Last Runtime    Last Run
----------------------------------------  -----  ---------  --------  ----------  --------------  -------------------
/opt/airflow/dags/airbnb_pipeline_dag.py    337  0.00s             1           0  0.13s           2025-10-19T16:49:32
================================================================================
[2025-10-19T16:50:33.402+0000] {manager.py:878} INFO - 
================================================================================
DAG File Processing Stats

File Path                                   PID  Runtime      # DAGs    # Errors  Last Runtime    Last Run
----------------------------------------  -----  ---------  --------  ----------  --------------  -------------------
/opt/airflow/dags/airbnb_pipeline_dag.py    342  0.00s             1           0  0.15s           2025-10-19T16:50:03
================================================================================
[2025-10-19T16:51:03.740+0000] {manager.py:878} INFO - 
================================================================================
DAG File Processing Stats

File Path                                   PID  Runtime      # DAGs    # Errors  Last Runtime    Last Run
----------------------------------------  -----  ---------  --------  ----------  --------------  -------------------
/opt/airflow/dags/airbnb_pipeline_dag.py    347  0.01s             1           0  0.14s           2025-10-19T16:50:33
================================================================================
[2025-10-19T16:51:27.964+0000] {manager.py:737} INFO - Searching for files in /opt/airflow/dags
[2025-10-19T16:51:27.985+0000] {manager.py:740} INFO - There are 1 files in /opt/airflow/dags
[2025-10-19T16:51:34.067+0000] {manager.py:878} INFO - 
================================================================================
DAG File Processing Stats

File Path                                   PID  Runtime      # DAGs    # Errors  Last Runtime    Last Run
----------------------------------------  -----  ---------  --------  ----------  --------------  -------------------
/opt/airflow/dags/airbnb_pipeline_dag.py    352  0.00s             1           0  0.14s           2025-10-19T16:51:03
================================================================================
[2025-10-19T16:52:04.369+0000] {manager.py:878} INFO - 
================================================================================
DAG File Processing Stats

File Path                                   PID  Runtime      # DAGs    # Errors  Last Runtime    Last Run
----------------------------------------  -----  ---------  --------  ----------  --------------  -------------------
/opt/airflow/dags/airbnb_pipeline_dag.py    357  0.00s             1           0  0.15s           2025-10-19T16:51:34
================================================================================
[2025-10-19T16:52:34.712+0000] {manager.py:878} INFO - 
================================================================================
DAG File Processing Stats

File Path                                   PID  Runtime      # DAGs    # Errors  Last Runtime    Last Run
----------------------------------------  -----  ---------  --------  ----------  --------------  -------------------
/opt/airflow/dags/airbnb_pipeline_dag.py    362  0.00s             1           0  0.20s           2025-10-19T16:52:04
================================================================================
[2025-10-19T16:53:04.989+0000] {manager.py:878} INFO - 
================================================================================
DAG File Processing Stats

File Path                                   PID  Runtime      # DAGs    # Errors  Last Runtime    Last Run
----------------------------------------  -----  ---------  --------  ----------  --------------  -------------------
/opt/airflow/dags/airbnb_pipeline_dag.py    367  0.00s             1           0  0.13s           2025-10-19T16:52:34
================================================================================
[2025-10-19T16:53:35.339+0000] {manager.py:878} INFO - 
================================================================================
DAG File Processing Stats

File Path                                   PID  Runtime      # DAGs    # Errors  Last Runtime    Last Run
----------------------------------------  -----  ---------  --------  ----------  --------------  -------------------
/opt/airflow/dags/airbnb_pipeline_dag.py    372  0.00s             1           0  0.16s           2025-10-19T16:53:05
================================================================================
[2025-10-19T16:54:05.657+0000] {manager.py:878} INFO - 
================================================================================
DAG File Processing Stats

File Path                                   PID  Runtime      # DAGs    # Errors  Last Runtime    Last Run
----------------------------------------  -----  ---------  --------  ----------  --------------  -------------------
/opt/airflow/dags/airbnb_pipeline_dag.py    377  0.00s             1           0  0.13s           2025-10-19T16:53:35
================================================================================
[2025-10-19T16:54:36.048+0000] {manager.py:878} INFO - 
================================================================================
DAG File Processing Stats

File Path                                   PID  Runtime      # DAGs    # Errors  Last Runtime    Last Run
----------------------------------------  -----  ---------  --------  ----------  --------------  -------------------
/opt/airflow/dags/airbnb_pipeline_dag.py    382  0.00s             1           0  0.13s           2025-10-19T16:54:05
================================================================================
