[2025-10-19T16:46:28.239+0000] {local_task_job_runner.py:120} INFO - ::group::Pre task execution logs
[2025-10-19T16:46:28.269+0000] {taskinstance.py:2076} INFO - Dependencies all met for dep_context=non-requeueable deps ti=<TaskInstance: airbnb_data_pipeline.load scheduled__2025-10-18T06:00:00+00:00 [queued]>
[2025-10-19T16:46:28.277+0000] {taskinstance.py:2076} INFO - Dependencies all met for dep_context=requeueable deps ti=<TaskInstance: airbnb_data_pipeline.load scheduled__2025-10-18T06:00:00+00:00 [queued]>
[2025-10-19T16:46:28.278+0000] {taskinstance.py:2306} INFO - Starting attempt 1 of 2
[2025-10-19T16:46:28.290+0000] {taskinstance.py:2330} INFO - Executing <Task(BashOperator): load> on 2025-10-18 06:00:00+00:00
[2025-10-19T16:46:28.297+0000] {standard_task_runner.py:90} INFO - Running: ['***', 'tasks', 'run', 'airbnb_data_pipeline', 'load', 'scheduled__2025-10-18T06:00:00+00:00', '--job-id', '11', '--raw', '--subdir', 'DAGS_FOLDER/airbnb_pipeline_dag.py', '--cfg-path', '/tmp/tmpoxddkdh_']
[2025-10-19T16:46:28.298+0000] {logging_mixin.py:188} WARNING - /home/***/.local/lib/python3.12/site-packages/***/task/task_runner/standard_task_runner.py:61 DeprecationWarning: This process (pid=268) is multi-threaded, use of fork() may lead to deadlocks in the child.
[2025-10-19T16:46:28.299+0000] {standard_task_runner.py:91} INFO - Job 11: Subtask load
[2025-10-19T16:46:28.300+0000] {standard_task_runner.py:63} INFO - Started process 269 to run task
[2025-10-19T16:46:28.363+0000] {task_command.py:426} INFO - Running <TaskInstance: airbnb_data_pipeline.load scheduled__2025-10-18T06:00:00+00:00 [running]> on host cc99d07e05d1
[2025-10-19T16:46:28.451+0000] {taskinstance.py:2648} INFO - Exporting env vars: AIRFLOW_CTX_DAG_OWNER='***' AIRFLOW_CTX_DAG_ID='airbnb_data_pipeline' AIRFLOW_CTX_TASK_ID='load' AIRFLOW_CTX_EXECUTION_DATE='2025-10-18T06:00:00+00:00' AIRFLOW_CTX_TRY_NUMBER='1' AIRFLOW_CTX_DAG_RUN_ID='scheduled__2025-10-18T06:00:00+00:00'
[2025-10-19T16:46:28.452+0000] {taskinstance.py:430} INFO - ::endgroup::
[2025-10-19T16:46:28.465+0000] {subprocess.py:63} INFO - Tmp dir root location: /tmp
[2025-10-19T16:46:28.466+0000] {subprocess.py:75} INFO - Running command: ['/usr/bin/bash', '-c', 'python /opt/***/scripts/load.py']
[2025-10-19T16:46:28.474+0000] {subprocess.py:86} INFO - Output:
[2025-10-19T16:46:29.593+0000] {subprocess.py:93} INFO - [load] Connecting to warehouse
[2025-10-19T16:46:29.594+0000] {subprocess.py:93} INFO - [load] Load complete
[2025-10-19T16:46:29.709+0000] {subprocess.py:97} INFO - Command exited with return code 0
[2025-10-19T16:46:29.711+0000] {taskinstance.py:441} INFO - ::group::Post task execution logs
[2025-10-19T16:46:29.741+0000] {taskinstance.py:1206} INFO - Marking task as SUCCESS. dag_id=airbnb_data_pipeline, task_id=load, run_id=scheduled__2025-10-18T06:00:00+00:00, execution_date=20251018T060000, start_date=20251019T164628, end_date=20251019T164629
[2025-10-19T16:46:29.762+0000] {local_task_job_runner.py:240} INFO - Task exited with return code 0
[2025-10-19T16:46:29.781+0000] {taskinstance.py:3503} INFO - 0 downstream tasks scheduled from follow-on schedule check
[2025-10-19T16:46:29.784+0000] {local_task_job_runner.py:222} INFO - ::endgroup::
