[2025-10-19T16:33:48.866+0000] {local_task_job_runner.py:120} INFO - ::group::Pre task execution logs
[2025-10-19T16:33:48.895+0000] {taskinstance.py:2076} INFO - Dependencies all met for dep_context=non-requeueable deps ti=<TaskInstance: airbnb_data_pipeline.transform manual__2025-10-19T16:33:46.517974+00:00 [queued]>
[2025-10-19T16:33:48.903+0000] {taskinstance.py:2076} INFO - Dependencies all met for dep_context=requeueable deps ti=<TaskInstance: airbnb_data_pipeline.transform manual__2025-10-19T16:33:46.517974+00:00 [queued]>
[2025-10-19T16:33:48.905+0000] {taskinstance.py:2306} INFO - Starting attempt 1 of 2
[2025-10-19T16:33:48.916+0000] {taskinstance.py:2330} INFO - Executing <Task(BashOperator): transform> on 2025-10-19 16:33:46.517974+00:00
[2025-10-19T16:33:48.923+0000] {standard_task_runner.py:90} INFO - Running: ['***', 'tasks', 'run', 'airbnb_data_pipeline', 'transform', 'manual__2025-10-19T16:33:46.517974+00:00', '--job-id', '5', '--raw', '--subdir', 'DAGS_FOLDER/airbnb_pipeline_dag.py', '--cfg-path', '/tmp/tmpzhihc9e4']
[2025-10-19T16:33:48.925+0000] {logging_mixin.py:188} WARNING - /home/***/.local/lib/python3.12/site-packages/***/task/task_runner/standard_task_runner.py:61 DeprecationWarning: This process (pid=420) is multi-threaded, use of fork() may lead to deadlocks in the child.
[2025-10-19T16:33:48.926+0000] {standard_task_runner.py:91} INFO - Job 5: Subtask transform
[2025-10-19T16:33:48.926+0000] {standard_task_runner.py:63} INFO - Started process 421 to run task
[2025-10-19T16:33:48.988+0000] {task_command.py:426} INFO - Running <TaskInstance: airbnb_data_pipeline.transform manual__2025-10-19T16:33:46.517974+00:00 [running]> on host 89568661f918
[2025-10-19T16:33:49.071+0000] {taskinstance.py:2648} INFO - Exporting env vars: AIRFLOW_CTX_DAG_OWNER='***' AIRFLOW_CTX_DAG_ID='airbnb_data_pipeline' AIRFLOW_CTX_TASK_ID='transform' AIRFLOW_CTX_EXECUTION_DATE='2025-10-19T16:33:46.517974+00:00' AIRFLOW_CTX_TRY_NUMBER='1' AIRFLOW_CTX_DAG_RUN_ID='manual__2025-10-19T16:33:46.517974+00:00'
[2025-10-19T16:33:49.072+0000] {taskinstance.py:430} INFO - ::endgroup::
[2025-10-19T16:33:49.085+0000] {subprocess.py:63} INFO - Tmp dir root location: /tmp
[2025-10-19T16:33:49.086+0000] {subprocess.py:75} INFO - Running command: ['/usr/bin/bash', '-c', 'python /opt/***/scripts/transform.py']
[2025-10-19T16:33:49.095+0000] {subprocess.py:86} INFO - Output:
[2025-10-19T16:33:50.774+0000] {subprocess.py:93} INFO - [transform] Reading /opt/***/data/raw/listings.csv
[2025-10-19T16:33:50.775+0000] {subprocess.py:93} INFO - [transform] Writing /opt/***/data/processed/listings_clean.parquet
[2025-10-19T16:33:50.839+0000] {subprocess.py:97} INFO - Command exited with return code 0
[2025-10-19T16:33:50.841+0000] {taskinstance.py:441} INFO - ::group::Post task execution logs
[2025-10-19T16:33:50.867+0000] {taskinstance.py:1206} INFO - Marking task as SUCCESS. dag_id=airbnb_data_pipeline, task_id=transform, run_id=manual__2025-10-19T16:33:46.517974+00:00, execution_date=20251019T163346, start_date=20251019T163348, end_date=20251019T163350
[2025-10-19T16:33:50.913+0000] {local_task_job_runner.py:240} INFO - Task exited with return code 0
[2025-10-19T16:33:50.935+0000] {taskinstance.py:3503} INFO - 1 downstream tasks scheduled from follow-on schedule check
[2025-10-19T16:33:50.938+0000] {local_task_job_runner.py:222} INFO - ::endgroup::
