[2025-10-19T16:46:33.256+0000] {local_task_job_runner.py:120} INFO - ::group::Pre task execution logs
[2025-10-19T16:46:33.289+0000] {taskinstance.py:2076} INFO - Dependencies all met for dep_context=non-requeueable deps ti=<TaskInstance: airbnb_data_pipeline.transform scheduled__2025-10-18T06:00:00+00:00 [queued]>
[2025-10-19T16:46:33.298+0000] {taskinstance.py:2076} INFO - Dependencies all met for dep_context=requeueable deps ti=<TaskInstance: airbnb_data_pipeline.transform scheduled__2025-10-18T06:00:00+00:00 [queued]>
[2025-10-19T16:46:33.301+0000] {taskinstance.py:2306} INFO - Starting attempt 2 of 3
[2025-10-19T16:46:33.314+0000] {taskinstance.py:2330} INFO - Executing <Task(BashOperator): transform> on 2025-10-18 06:00:00+00:00
[2025-10-19T16:46:33.321+0000] {standard_task_runner.py:90} INFO - Running: ['***', 'tasks', 'run', 'airbnb_data_pipeline', 'transform', 'scheduled__2025-10-18T06:00:00+00:00', '--job-id', '12', '--raw', '--subdir', 'DAGS_FOLDER/airbnb_pipeline_dag.py', '--cfg-path', '/tmp/tmp4p7x4m_u']
[2025-10-19T16:46:33.324+0000] {standard_task_runner.py:91} INFO - Job 12: Subtask transform
[2025-10-19T16:46:33.324+0000] {logging_mixin.py:188} WARNING - /home/***/.local/lib/python3.12/site-packages/***/task/task_runner/standard_task_runner.py:61 DeprecationWarning: This process (pid=296) is multi-threaded, use of fork() may lead to deadlocks in the child.
[2025-10-19T16:46:33.325+0000] {standard_task_runner.py:63} INFO - Started process 297 to run task
[2025-10-19T16:46:33.396+0000] {task_command.py:426} INFO - Running <TaskInstance: airbnb_data_pipeline.transform scheduled__2025-10-18T06:00:00+00:00 [running]> on host cc99d07e05d1
[2025-10-19T16:46:33.490+0000] {taskinstance.py:2648} INFO - Exporting env vars: AIRFLOW_CTX_DAG_OWNER='***' AIRFLOW_CTX_DAG_ID='airbnb_data_pipeline' AIRFLOW_CTX_TASK_ID='transform' AIRFLOW_CTX_EXECUTION_DATE='2025-10-18T06:00:00+00:00' AIRFLOW_CTX_TRY_NUMBER='2' AIRFLOW_CTX_DAG_RUN_ID='scheduled__2025-10-18T06:00:00+00:00'
[2025-10-19T16:46:33.492+0000] {taskinstance.py:430} INFO - ::endgroup::
[2025-10-19T16:46:33.506+0000] {subprocess.py:63} INFO - Tmp dir root location: /tmp
[2025-10-19T16:46:33.508+0000] {subprocess.py:75} INFO - Running command: ['/usr/bin/bash', '-c', 'python /opt/***/scripts/transform.py']
[2025-10-19T16:46:33.516+0000] {subprocess.py:86} INFO - Output:
[2025-10-19T16:46:34.318+0000] {subprocess.py:93} INFO - [transform] Reading /opt/***/data/raw/listings.csv
[2025-10-19T16:46:34.319+0000] {subprocess.py:93} INFO - [transform] Writing /opt/***/data/processed/listings_clean.parquet
[2025-10-19T16:46:34.395+0000] {subprocess.py:97} INFO - Command exited with return code 0
[2025-10-19T16:46:34.396+0000] {taskinstance.py:441} INFO - ::group::Post task execution logs
[2025-10-19T16:46:34.424+0000] {taskinstance.py:1206} INFO - Marking task as SUCCESS. dag_id=airbnb_data_pipeline, task_id=transform, run_id=scheduled__2025-10-18T06:00:00+00:00, execution_date=20251018T060000, start_date=20251019T164633, end_date=20251019T164634
[2025-10-19T16:46:34.466+0000] {local_task_job_runner.py:240} INFO - Task exited with return code 0
[2025-10-19T16:46:34.485+0000] {taskinstance.py:3503} INFO - 0 downstream tasks scheduled from follow-on schedule check
[2025-10-19T16:46:34.488+0000] {local_task_job_runner.py:222} INFO - ::endgroup::
