[2025-10-19T16:46:26.155+0000] {local_task_job_runner.py:120} INFO - ::group::Pre task execution logs
[2025-10-19T16:46:26.188+0000] {taskinstance.py:2076} INFO - Dependencies all met for dep_context=non-requeueable deps ti=<TaskInstance: airbnb_data_pipeline.transform scheduled__2025-10-18T06:00:00+00:00 [queued]>
[2025-10-19T16:46:26.197+0000] {taskinstance.py:2076} INFO - Dependencies all met for dep_context=requeueable deps ti=<TaskInstance: airbnb_data_pipeline.transform scheduled__2025-10-18T06:00:00+00:00 [queued]>
[2025-10-19T16:46:26.199+0000] {taskinstance.py:2306} INFO - Starting attempt 1 of 2
[2025-10-19T16:46:26.212+0000] {taskinstance.py:2330} INFO - Executing <Task(BashOperator): transform> on 2025-10-18 06:00:00+00:00
[2025-10-19T16:46:26.220+0000] {standard_task_runner.py:90} INFO - Running: ['***', 'tasks', 'run', 'airbnb_data_pipeline', 'transform', 'scheduled__2025-10-18T06:00:00+00:00', '--job-id', '10', '--raw', '--subdir', 'DAGS_FOLDER/airbnb_pipeline_dag.py', '--cfg-path', '/tmp/tmprrvu4x7o']
[2025-10-19T16:46:26.223+0000] {logging_mixin.py:188} WARNING - /home/***/.local/lib/python3.12/site-packages/***/task/task_runner/standard_task_runner.py:61 DeprecationWarning: This process (pid=257) is multi-threaded, use of fork() may lead to deadlocks in the child.
[2025-10-19T16:46:26.224+0000] {standard_task_runner.py:91} INFO - Job 10: Subtask transform
[2025-10-19T16:46:26.224+0000] {standard_task_runner.py:63} INFO - Started process 258 to run task
[2025-10-19T16:46:26.298+0000] {task_command.py:426} INFO - Running <TaskInstance: airbnb_data_pipeline.transform scheduled__2025-10-18T06:00:00+00:00 [running]> on host cc99d07e05d1
[2025-10-19T16:46:26.388+0000] {taskinstance.py:2648} INFO - Exporting env vars: AIRFLOW_CTX_DAG_OWNER='***' AIRFLOW_CTX_DAG_ID='airbnb_data_pipeline' AIRFLOW_CTX_TASK_ID='transform' AIRFLOW_CTX_EXECUTION_DATE='2025-10-18T06:00:00+00:00' AIRFLOW_CTX_TRY_NUMBER='1' AIRFLOW_CTX_DAG_RUN_ID='scheduled__2025-10-18T06:00:00+00:00'
[2025-10-19T16:46:26.390+0000] {taskinstance.py:430} INFO - ::endgroup::
[2025-10-19T16:46:26.403+0000] {subprocess.py:63} INFO - Tmp dir root location: /tmp
[2025-10-19T16:46:26.405+0000] {subprocess.py:75} INFO - Running command: ['/usr/bin/bash', '-c', 'python /opt/***/scripts/transform.py']
[2025-10-19T16:46:26.412+0000] {subprocess.py:86} INFO - Output:
[2025-10-19T16:46:27.289+0000] {subprocess.py:93} INFO - [transform] Reading /opt/***/data/raw/listings.csv
[2025-10-19T16:46:27.290+0000] {subprocess.py:93} INFO - [transform] Writing /opt/***/data/processed/listings_clean.parquet
[2025-10-19T16:46:27.356+0000] {subprocess.py:97} INFO - Command exited with return code 0
[2025-10-19T16:46:27.357+0000] {taskinstance.py:441} INFO - ::group::Post task execution logs
[2025-10-19T16:46:27.387+0000] {taskinstance.py:1206} INFO - Marking task as SUCCESS. dag_id=airbnb_data_pipeline, task_id=transform, run_id=scheduled__2025-10-18T06:00:00+00:00, execution_date=20251018T060000, start_date=20251019T164626, end_date=20251019T164627
[2025-10-19T16:46:27.444+0000] {local_task_job_runner.py:240} INFO - Task exited with return code 0
[2025-10-19T16:46:27.465+0000] {taskinstance.py:3503} INFO - 1 downstream tasks scheduled from follow-on schedule check
[2025-10-19T16:46:27.468+0000] {local_task_job_runner.py:222} INFO - ::endgroup::
