[2025-10-19T16:41:27.619+0000] {local_task_job_runner.py:120} INFO - ::group::Pre task execution logs
[2025-10-19T16:41:27.652+0000] {taskinstance.py:2076} INFO - Dependencies all met for dep_context=non-requeueable deps ti=<TaskInstance: airbnb_data_pipeline.load manual__2025-10-19T16:33:46.517974+00:00 [queued]>
[2025-10-19T16:41:27.662+0000] {taskinstance.py:2076} INFO - Dependencies all met for dep_context=requeueable deps ti=<TaskInstance: airbnb_data_pipeline.load manual__2025-10-19T16:33:46.517974+00:00 [queued]>
[2025-10-19T16:41:27.663+0000] {taskinstance.py:2306} INFO - Starting attempt 2 of 2
[2025-10-19T16:41:27.677+0000] {taskinstance.py:2330} INFO - Executing <Task(BashOperator): load> on 2025-10-19 16:33:46.517974+00:00
[2025-10-19T16:41:27.686+0000] {logging_mixin.py:188} WARNING - /home/***/.local/lib/python3.12/site-packages/***/task/task_runner/standard_task_runner.py:61 DeprecationWarning: This process (pid=184) is multi-threaded, use of fork() may lead to deadlocks in the child.
[2025-10-19T16:41:27.685+0000] {standard_task_runner.py:90} INFO - Running: ['***', 'tasks', 'run', 'airbnb_data_pipeline', 'load', 'manual__2025-10-19T16:33:46.517974+00:00', '--job-id', '8', '--raw', '--subdir', 'DAGS_FOLDER/airbnb_pipeline_dag.py', '--cfg-path', '/tmp/tmp0rohu6on']
[2025-10-19T16:41:27.687+0000] {standard_task_runner.py:63} INFO - Started process 187 to run task
[2025-10-19T16:41:27.688+0000] {standard_task_runner.py:91} INFO - Job 8: Subtask load
[2025-10-19T16:41:27.757+0000] {task_command.py:426} INFO - Running <TaskInstance: airbnb_data_pipeline.load manual__2025-10-19T16:33:46.517974+00:00 [running]> on host cc99d07e05d1
[2025-10-19T16:41:27.850+0000] {taskinstance.py:2648} INFO - Exporting env vars: AIRFLOW_CTX_DAG_OWNER='***' AIRFLOW_CTX_DAG_ID='airbnb_data_pipeline' AIRFLOW_CTX_TASK_ID='load' AIRFLOW_CTX_EXECUTION_DATE='2025-10-19T16:33:46.517974+00:00' AIRFLOW_CTX_TRY_NUMBER='2' AIRFLOW_CTX_DAG_RUN_ID='manual__2025-10-19T16:33:46.517974+00:00'
[2025-10-19T16:41:27.851+0000] {taskinstance.py:430} INFO - ::endgroup::
[2025-10-19T16:41:27.883+0000] {subprocess.py:63} INFO - Tmp dir root location: /tmp
[2025-10-19T16:41:27.885+0000] {subprocess.py:75} INFO - Running command: ['/usr/bin/bash', '-c', 'python /opt/***/scripts/load.py']
[2025-10-19T16:41:27.895+0000] {subprocess.py:86} INFO - Output:
[2025-10-19T16:41:30.015+0000] {subprocess.py:93} INFO - [load] Connecting to warehouse
[2025-10-19T16:41:30.015+0000] {subprocess.py:93} INFO - [load] Load complete
[2025-10-19T16:41:30.115+0000] {subprocess.py:97} INFO - Command exited with return code 0
[2025-10-19T16:41:30.116+0000] {taskinstance.py:441} INFO - ::group::Post task execution logs
[2025-10-19T16:41:30.148+0000] {taskinstance.py:1206} INFO - Marking task as SUCCESS. dag_id=airbnb_data_pipeline, task_id=load, run_id=manual__2025-10-19T16:33:46.517974+00:00, execution_date=20251019T163346, start_date=20251019T164127, end_date=20251019T164130
[2025-10-19T16:41:30.196+0000] {local_task_job_runner.py:240} INFO - Task exited with return code 0
[2025-10-19T16:41:30.213+0000] {taskinstance.py:3503} INFO - 0 downstream tasks scheduled from follow-on schedule check
[2025-10-19T16:41:30.216+0000] {local_task_job_runner.py:222} INFO - ::endgroup::
