[2025-10-19T16:10:57.937+0000] {processor.py:161} INFO - Started process (PID=181) to work on /opt/airflow/dags/airbnb_pipeline_dag.py
[2025-10-19T16:10:57.938+0000] {processor.py:830} INFO - Processing file /opt/airflow/dags/airbnb_pipeline_dag.py for tasks to queue
[2025-10-19T16:10:57.940+0000] {logging_mixin.py:188} INFO - [2025-10-19T16:10:57.939+0000] {dagbag.py:545} INFO - Filling up the DagBag from /opt/airflow/dags/airbnb_pipeline_dag.py
[2025-10-19T16:10:57.969+0000] {processor.py:840} INFO - DAG(s) 'airbnb_data_pipeline' retrieved from /opt/airflow/dags/airbnb_pipeline_dag.py
[2025-10-19T16:10:58.004+0000] {logging_mixin.py:188} INFO - [2025-10-19T16:10:58.004+0000] {dag.py:3096} INFO - Sync 1 DAGs
[2025-10-19T16:10:58.028+0000] {logging_mixin.py:188} INFO - [2025-10-19T16:10:58.028+0000] {dag.py:3954} INFO - Setting next_dagrun for airbnb_data_pipeline to 2025-10-18 06:00:00+00:00, run_after=2025-10-19 06:00:00+00:00
[2025-10-19T16:10:58.053+0000] {processor.py:183} INFO - Processing /opt/airflow/dags/airbnb_pipeline_dag.py took 0.121 seconds
[2025-10-19T16:11:28.215+0000] {processor.py:161} INFO - Started process (PID=186) to work on /opt/airflow/dags/airbnb_pipeline_dag.py
[2025-10-19T16:11:28.216+0000] {processor.py:830} INFO - Processing file /opt/airflow/dags/airbnb_pipeline_dag.py for tasks to queue
[2025-10-19T16:11:28.219+0000] {logging_mixin.py:188} INFO - [2025-10-19T16:11:28.219+0000] {dagbag.py:545} INFO - Filling up the DagBag from /opt/airflow/dags/airbnb_pipeline_dag.py
[2025-10-19T16:11:28.242+0000] {processor.py:840} INFO - DAG(s) 'airbnb_data_pipeline' retrieved from /opt/airflow/dags/airbnb_pipeline_dag.py
[2025-10-19T16:11:28.537+0000] {logging_mixin.py:188} INFO - [2025-10-19T16:11:28.537+0000] {dag.py:3096} INFO - Sync 1 DAGs
[2025-10-19T16:11:28.560+0000] {logging_mixin.py:188} INFO - [2025-10-19T16:11:28.559+0000] {dag.py:3954} INFO - Setting next_dagrun for airbnb_data_pipeline to 2025-10-18 06:00:00+00:00, run_after=2025-10-19 06:00:00+00:00
[2025-10-19T16:11:28.587+0000] {processor.py:183} INFO - Processing /opt/airflow/dags/airbnb_pipeline_dag.py took 0.378 seconds
[2025-10-19T16:11:58.874+0000] {processor.py:161} INFO - Started process (PID=191) to work on /opt/airflow/dags/airbnb_pipeline_dag.py
[2025-10-19T16:11:58.875+0000] {processor.py:830} INFO - Processing file /opt/airflow/dags/airbnb_pipeline_dag.py for tasks to queue
[2025-10-19T16:11:58.878+0000] {logging_mixin.py:188} INFO - [2025-10-19T16:11:58.877+0000] {dagbag.py:545} INFO - Filling up the DagBag from /opt/airflow/dags/airbnb_pipeline_dag.py
[2025-10-19T16:11:58.900+0000] {processor.py:840} INFO - DAG(s) 'airbnb_data_pipeline' retrieved from /opt/airflow/dags/airbnb_pipeline_dag.py
[2025-10-19T16:11:58.936+0000] {logging_mixin.py:188} INFO - [2025-10-19T16:11:58.936+0000] {dag.py:3096} INFO - Sync 1 DAGs
[2025-10-19T16:11:58.960+0000] {logging_mixin.py:188} INFO - [2025-10-19T16:11:58.960+0000] {dag.py:3954} INFO - Setting next_dagrun for airbnb_data_pipeline to 2025-10-18 06:00:00+00:00, run_after=2025-10-19 06:00:00+00:00
[2025-10-19T16:11:59.007+0000] {processor.py:183} INFO - Processing /opt/airflow/dags/airbnb_pipeline_dag.py took 0.140 seconds
[2025-10-19T16:12:29.148+0000] {processor.py:161} INFO - Started process (PID=196) to work on /opt/airflow/dags/airbnb_pipeline_dag.py
[2025-10-19T16:12:29.149+0000] {processor.py:830} INFO - Processing file /opt/airflow/dags/airbnb_pipeline_dag.py for tasks to queue
[2025-10-19T16:12:29.151+0000] {logging_mixin.py:188} INFO - [2025-10-19T16:12:29.151+0000] {dagbag.py:545} INFO - Filling up the DagBag from /opt/airflow/dags/airbnb_pipeline_dag.py
[2025-10-19T16:12:29.170+0000] {processor.py:840} INFO - DAG(s) 'airbnb_data_pipeline' retrieved from /opt/airflow/dags/airbnb_pipeline_dag.py
[2025-10-19T16:12:29.206+0000] {logging_mixin.py:188} INFO - [2025-10-19T16:12:29.205+0000] {dag.py:3096} INFO - Sync 1 DAGs
[2025-10-19T16:12:29.229+0000] {logging_mixin.py:188} INFO - [2025-10-19T16:12:29.228+0000] {dag.py:3954} INFO - Setting next_dagrun for airbnb_data_pipeline to 2025-10-18 06:00:00+00:00, run_after=2025-10-19 06:00:00+00:00
[2025-10-19T16:12:29.257+0000] {processor.py:183} INFO - Processing /opt/airflow/dags/airbnb_pipeline_dag.py took 0.114 seconds
[2025-10-19T16:12:59.407+0000] {processor.py:161} INFO - Started process (PID=201) to work on /opt/airflow/dags/airbnb_pipeline_dag.py
[2025-10-19T16:12:59.408+0000] {processor.py:830} INFO - Processing file /opt/airflow/dags/airbnb_pipeline_dag.py for tasks to queue
[2025-10-19T16:12:59.410+0000] {logging_mixin.py:188} INFO - [2025-10-19T16:12:59.410+0000] {dagbag.py:545} INFO - Filling up the DagBag from /opt/airflow/dags/airbnb_pipeline_dag.py
[2025-10-19T16:12:59.430+0000] {processor.py:840} INFO - DAG(s) 'airbnb_data_pipeline' retrieved from /opt/airflow/dags/airbnb_pipeline_dag.py
[2025-10-19T16:12:59.468+0000] {logging_mixin.py:188} INFO - [2025-10-19T16:12:59.468+0000] {dag.py:3096} INFO - Sync 1 DAGs
[2025-10-19T16:12:59.491+0000] {logging_mixin.py:188} INFO - [2025-10-19T16:12:59.490+0000] {dag.py:3954} INFO - Setting next_dagrun for airbnb_data_pipeline to 2025-10-18 06:00:00+00:00, run_after=2025-10-19 06:00:00+00:00
[2025-10-19T16:12:59.515+0000] {processor.py:183} INFO - Processing /opt/airflow/dags/airbnb_pipeline_dag.py took 0.113 seconds
[2025-10-19T16:13:29.755+0000] {processor.py:161} INFO - Started process (PID=209) to work on /opt/airflow/dags/airbnb_pipeline_dag.py
[2025-10-19T16:13:29.756+0000] {processor.py:830} INFO - Processing file /opt/airflow/dags/airbnb_pipeline_dag.py for tasks to queue
[2025-10-19T16:13:29.759+0000] {logging_mixin.py:188} INFO - [2025-10-19T16:13:29.758+0000] {dagbag.py:545} INFO - Filling up the DagBag from /opt/airflow/dags/airbnb_pipeline_dag.py
[2025-10-19T16:13:29.776+0000] {processor.py:840} INFO - DAG(s) 'airbnb_data_pipeline' retrieved from /opt/airflow/dags/airbnb_pipeline_dag.py
[2025-10-19T16:13:29.809+0000] {logging_mixin.py:188} INFO - [2025-10-19T16:13:29.809+0000] {dag.py:3096} INFO - Sync 1 DAGs
[2025-10-19T16:13:29.856+0000] {processor.py:183} INFO - Processing /opt/airflow/dags/airbnb_pipeline_dag.py took 0.106 seconds
[2025-10-19T16:14:00.107+0000] {processor.py:161} INFO - Started process (PID=214) to work on /opt/airflow/dags/airbnb_pipeline_dag.py
[2025-10-19T16:14:00.108+0000] {processor.py:830} INFO - Processing file /opt/airflow/dags/airbnb_pipeline_dag.py for tasks to queue
[2025-10-19T16:14:00.110+0000] {logging_mixin.py:188} INFO - [2025-10-19T16:14:00.109+0000] {dagbag.py:545} INFO - Filling up the DagBag from /opt/airflow/dags/airbnb_pipeline_dag.py
[2025-10-19T16:14:00.128+0000] {processor.py:840} INFO - DAG(s) 'airbnb_data_pipeline' retrieved from /opt/airflow/dags/airbnb_pipeline_dag.py
[2025-10-19T16:14:00.159+0000] {logging_mixin.py:188} INFO - [2025-10-19T16:14:00.159+0000] {dag.py:3096} INFO - Sync 1 DAGs
[2025-10-19T16:14:00.207+0000] {processor.py:183} INFO - Processing /opt/airflow/dags/airbnb_pipeline_dag.py took 0.106 seconds
[2025-10-19T16:14:30.464+0000] {processor.py:161} INFO - Started process (PID=219) to work on /opt/airflow/dags/airbnb_pipeline_dag.py
[2025-10-19T16:14:30.466+0000] {processor.py:830} INFO - Processing file /opt/airflow/dags/airbnb_pipeline_dag.py for tasks to queue
[2025-10-19T16:14:30.467+0000] {logging_mixin.py:188} INFO - [2025-10-19T16:14:30.467+0000] {dagbag.py:545} INFO - Filling up the DagBag from /opt/airflow/dags/airbnb_pipeline_dag.py
[2025-10-19T16:14:30.488+0000] {processor.py:840} INFO - DAG(s) 'airbnb_data_pipeline' retrieved from /opt/airflow/dags/airbnb_pipeline_dag.py
[2025-10-19T16:14:30.519+0000] {logging_mixin.py:188} INFO - [2025-10-19T16:14:30.519+0000] {dag.py:3096} INFO - Sync 1 DAGs
[2025-10-19T16:14:30.565+0000] {processor.py:183} INFO - Processing /opt/airflow/dags/airbnb_pipeline_dag.py took 0.106 seconds
[2025-10-19T16:15:00.755+0000] {processor.py:161} INFO - Started process (PID=224) to work on /opt/airflow/dags/airbnb_pipeline_dag.py
[2025-10-19T16:15:00.756+0000] {processor.py:830} INFO - Processing file /opt/airflow/dags/airbnb_pipeline_dag.py for tasks to queue
[2025-10-19T16:15:00.759+0000] {logging_mixin.py:188} INFO - [2025-10-19T16:15:00.759+0000] {dagbag.py:545} INFO - Filling up the DagBag from /opt/airflow/dags/airbnb_pipeline_dag.py
[2025-10-19T16:15:00.781+0000] {processor.py:840} INFO - DAG(s) 'airbnb_data_pipeline' retrieved from /opt/airflow/dags/airbnb_pipeline_dag.py
[2025-10-19T16:15:00.818+0000] {logging_mixin.py:188} INFO - [2025-10-19T16:15:00.818+0000] {dag.py:3096} INFO - Sync 1 DAGs
[2025-10-19T16:15:00.864+0000] {processor.py:183} INFO - Processing /opt/airflow/dags/airbnb_pipeline_dag.py took 0.116 seconds
[2025-10-19T16:15:31.076+0000] {processor.py:161} INFO - Started process (PID=229) to work on /opt/airflow/dags/airbnb_pipeline_dag.py
[2025-10-19T16:15:31.077+0000] {processor.py:830} INFO - Processing file /opt/airflow/dags/airbnb_pipeline_dag.py for tasks to queue
[2025-10-19T16:15:31.080+0000] {logging_mixin.py:188} INFO - [2025-10-19T16:15:31.079+0000] {dagbag.py:545} INFO - Filling up the DagBag from /opt/airflow/dags/airbnb_pipeline_dag.py
[2025-10-19T16:15:31.100+0000] {processor.py:840} INFO - DAG(s) 'airbnb_data_pipeline' retrieved from /opt/airflow/dags/airbnb_pipeline_dag.py
[2025-10-19T16:15:31.132+0000] {logging_mixin.py:188} INFO - [2025-10-19T16:15:31.132+0000] {dag.py:3096} INFO - Sync 1 DAGs
[2025-10-19T16:15:31.179+0000] {processor.py:183} INFO - Processing /opt/airflow/dags/airbnb_pipeline_dag.py took 0.109 seconds
[2025-10-19T16:16:01.434+0000] {processor.py:161} INFO - Started process (PID=234) to work on /opt/airflow/dags/airbnb_pipeline_dag.py
[2025-10-19T16:16:01.435+0000] {processor.py:830} INFO - Processing file /opt/airflow/dags/airbnb_pipeline_dag.py for tasks to queue
[2025-10-19T16:16:01.437+0000] {logging_mixin.py:188} INFO - [2025-10-19T16:16:01.437+0000] {dagbag.py:545} INFO - Filling up the DagBag from /opt/airflow/dags/airbnb_pipeline_dag.py
[2025-10-19T16:16:01.456+0000] {processor.py:840} INFO - DAG(s) 'airbnb_data_pipeline' retrieved from /opt/airflow/dags/airbnb_pipeline_dag.py
[2025-10-19T16:16:01.485+0000] {logging_mixin.py:188} INFO - [2025-10-19T16:16:01.485+0000] {dag.py:3096} INFO - Sync 1 DAGs
[2025-10-19T16:16:01.527+0000] {processor.py:183} INFO - Processing /opt/airflow/dags/airbnb_pipeline_dag.py took 0.098 seconds
[2025-10-19T16:16:31.750+0000] {processor.py:161} INFO - Started process (PID=239) to work on /opt/airflow/dags/airbnb_pipeline_dag.py
[2025-10-19T16:16:31.751+0000] {processor.py:830} INFO - Processing file /opt/airflow/dags/airbnb_pipeline_dag.py for tasks to queue
[2025-10-19T16:16:31.752+0000] {logging_mixin.py:188} INFO - [2025-10-19T16:16:31.752+0000] {dagbag.py:545} INFO - Filling up the DagBag from /opt/airflow/dags/airbnb_pipeline_dag.py
[2025-10-19T16:16:31.769+0000] {processor.py:840} INFO - DAG(s) 'airbnb_data_pipeline' retrieved from /opt/airflow/dags/airbnb_pipeline_dag.py
[2025-10-19T16:16:31.801+0000] {logging_mixin.py:188} INFO - [2025-10-19T16:16:31.801+0000] {dag.py:3096} INFO - Sync 1 DAGs
[2025-10-19T16:16:31.848+0000] {processor.py:183} INFO - Processing /opt/airflow/dags/airbnb_pipeline_dag.py took 0.104 seconds
[2025-10-19T16:17:02.115+0000] {processor.py:161} INFO - Started process (PID=244) to work on /opt/airflow/dags/airbnb_pipeline_dag.py
[2025-10-19T16:17:02.116+0000] {processor.py:830} INFO - Processing file /opt/airflow/dags/airbnb_pipeline_dag.py for tasks to queue
[2025-10-19T16:17:02.118+0000] {logging_mixin.py:188} INFO - [2025-10-19T16:17:02.118+0000] {dagbag.py:545} INFO - Filling up the DagBag from /opt/airflow/dags/airbnb_pipeline_dag.py
[2025-10-19T16:17:02.146+0000] {processor.py:840} INFO - DAG(s) 'airbnb_data_pipeline' retrieved from /opt/airflow/dags/airbnb_pipeline_dag.py
[2025-10-19T16:17:02.178+0000] {logging_mixin.py:188} INFO - [2025-10-19T16:17:02.178+0000] {dag.py:3096} INFO - Sync 1 DAGs
[2025-10-19T16:17:02.225+0000] {processor.py:183} INFO - Processing /opt/airflow/dags/airbnb_pipeline_dag.py took 0.115 seconds
[2025-10-19T16:17:32.437+0000] {processor.py:161} INFO - Started process (PID=249) to work on /opt/airflow/dags/airbnb_pipeline_dag.py
[2025-10-19T16:17:32.438+0000] {processor.py:830} INFO - Processing file /opt/airflow/dags/airbnb_pipeline_dag.py for tasks to queue
[2025-10-19T16:17:32.440+0000] {logging_mixin.py:188} INFO - [2025-10-19T16:17:32.440+0000] {dagbag.py:545} INFO - Filling up the DagBag from /opt/airflow/dags/airbnb_pipeline_dag.py
[2025-10-19T16:17:32.460+0000] {processor.py:840} INFO - DAG(s) 'airbnb_data_pipeline' retrieved from /opt/airflow/dags/airbnb_pipeline_dag.py
[2025-10-19T16:17:32.496+0000] {logging_mixin.py:188} INFO - [2025-10-19T16:17:32.496+0000] {dag.py:3096} INFO - Sync 1 DAGs
[2025-10-19T16:17:32.550+0000] {processor.py:183} INFO - Processing /opt/airflow/dags/airbnb_pipeline_dag.py took 0.118 seconds
[2025-10-19T16:18:02.824+0000] {processor.py:161} INFO - Started process (PID=254) to work on /opt/airflow/dags/airbnb_pipeline_dag.py
[2025-10-19T16:18:02.824+0000] {processor.py:830} INFO - Processing file /opt/airflow/dags/airbnb_pipeline_dag.py for tasks to queue
[2025-10-19T16:18:02.826+0000] {logging_mixin.py:188} INFO - [2025-10-19T16:18:02.826+0000] {dagbag.py:545} INFO - Filling up the DagBag from /opt/airflow/dags/airbnb_pipeline_dag.py
[2025-10-19T16:18:02.844+0000] {processor.py:840} INFO - DAG(s) 'airbnb_data_pipeline' retrieved from /opt/airflow/dags/airbnb_pipeline_dag.py
[2025-10-19T16:18:02.874+0000] {logging_mixin.py:188} INFO - [2025-10-19T16:18:02.873+0000] {dag.py:3096} INFO - Sync 1 DAGs
[2025-10-19T16:18:02.920+0000] {processor.py:183} INFO - Processing /opt/airflow/dags/airbnb_pipeline_dag.py took 0.102 seconds
[2025-10-19T16:18:33.155+0000] {processor.py:161} INFO - Started process (PID=262) to work on /opt/airflow/dags/airbnb_pipeline_dag.py
[2025-10-19T16:18:33.156+0000] {processor.py:830} INFO - Processing file /opt/airflow/dags/airbnb_pipeline_dag.py for tasks to queue
[2025-10-19T16:18:33.158+0000] {logging_mixin.py:188} INFO - [2025-10-19T16:18:33.157+0000] {dagbag.py:545} INFO - Filling up the DagBag from /opt/airflow/dags/airbnb_pipeline_dag.py
[2025-10-19T16:18:33.176+0000] {processor.py:840} INFO - DAG(s) 'airbnb_data_pipeline' retrieved from /opt/airflow/dags/airbnb_pipeline_dag.py
[2025-10-19T16:18:33.208+0000] {logging_mixin.py:188} INFO - [2025-10-19T16:18:33.208+0000] {dag.py:3096} INFO - Sync 1 DAGs
[2025-10-19T16:18:33.233+0000] {logging_mixin.py:188} INFO - [2025-10-19T16:18:33.233+0000] {dag.py:3954} INFO - Setting next_dagrun for airbnb_data_pipeline to 2025-10-19 06:00:00+00:00, run_after=2025-10-20 06:00:00+00:00
[2025-10-19T16:18:33.258+0000] {processor.py:183} INFO - Processing /opt/airflow/dags/airbnb_pipeline_dag.py took 0.109 seconds
[2025-10-19T16:19:03.497+0000] {processor.py:161} INFO - Started process (PID=267) to work on /opt/airflow/dags/airbnb_pipeline_dag.py
[2025-10-19T16:19:03.498+0000] {processor.py:830} INFO - Processing file /opt/airflow/dags/airbnb_pipeline_dag.py for tasks to queue
[2025-10-19T16:19:03.500+0000] {logging_mixin.py:188} INFO - [2025-10-19T16:19:03.500+0000] {dagbag.py:545} INFO - Filling up the DagBag from /opt/airflow/dags/airbnb_pipeline_dag.py
[2025-10-19T16:19:03.521+0000] {processor.py:840} INFO - DAG(s) 'airbnb_data_pipeline' retrieved from /opt/airflow/dags/airbnb_pipeline_dag.py
[2025-10-19T16:19:03.556+0000] {logging_mixin.py:188} INFO - [2025-10-19T16:19:03.556+0000] {dag.py:3096} INFO - Sync 1 DAGs
[2025-10-19T16:19:03.579+0000] {logging_mixin.py:188} INFO - [2025-10-19T16:19:03.579+0000] {dag.py:3954} INFO - Setting next_dagrun for airbnb_data_pipeline to 2025-10-19 06:00:00+00:00, run_after=2025-10-20 06:00:00+00:00
[2025-10-19T16:19:03.605+0000] {processor.py:183} INFO - Processing /opt/airflow/dags/airbnb_pipeline_dag.py took 0.113 seconds
[2025-10-19T16:19:33.893+0000] {processor.py:161} INFO - Started process (PID=272) to work on /opt/airflow/dags/airbnb_pipeline_dag.py
[2025-10-19T16:19:33.894+0000] {processor.py:830} INFO - Processing file /opt/airflow/dags/airbnb_pipeline_dag.py for tasks to queue
[2025-10-19T16:19:33.897+0000] {logging_mixin.py:188} INFO - [2025-10-19T16:19:33.896+0000] {dagbag.py:545} INFO - Filling up the DagBag from /opt/airflow/dags/airbnb_pipeline_dag.py
[2025-10-19T16:19:33.915+0000] {processor.py:840} INFO - DAG(s) 'airbnb_data_pipeline' retrieved from /opt/airflow/dags/airbnb_pipeline_dag.py
[2025-10-19T16:19:33.947+0000] {logging_mixin.py:188} INFO - [2025-10-19T16:19:33.947+0000] {dag.py:3096} INFO - Sync 1 DAGs
[2025-10-19T16:19:33.978+0000] {logging_mixin.py:188} INFO - [2025-10-19T16:19:33.978+0000] {dag.py:3954} INFO - Setting next_dagrun for airbnb_data_pipeline to 2025-10-19 06:00:00+00:00, run_after=2025-10-20 06:00:00+00:00
[2025-10-19T16:19:34.004+0000] {processor.py:183} INFO - Processing /opt/airflow/dags/airbnb_pipeline_dag.py took 0.117 seconds
[2025-10-19T16:20:04.216+0000] {processor.py:161} INFO - Started process (PID=277) to work on /opt/airflow/dags/airbnb_pipeline_dag.py
[2025-10-19T16:20:04.217+0000] {processor.py:830} INFO - Processing file /opt/airflow/dags/airbnb_pipeline_dag.py for tasks to queue
[2025-10-19T16:20:04.220+0000] {logging_mixin.py:188} INFO - [2025-10-19T16:20:04.219+0000] {dagbag.py:545} INFO - Filling up the DagBag from /opt/airflow/dags/airbnb_pipeline_dag.py
[2025-10-19T16:20:04.239+0000] {processor.py:840} INFO - DAG(s) 'airbnb_data_pipeline' retrieved from /opt/airflow/dags/airbnb_pipeline_dag.py
[2025-10-19T16:20:04.271+0000] {logging_mixin.py:188} INFO - [2025-10-19T16:20:04.271+0000] {dag.py:3096} INFO - Sync 1 DAGs
[2025-10-19T16:20:04.294+0000] {logging_mixin.py:188} INFO - [2025-10-19T16:20:04.294+0000] {dag.py:3954} INFO - Setting next_dagrun for airbnb_data_pipeline to 2025-10-19 06:00:00+00:00, run_after=2025-10-20 06:00:00+00:00
[2025-10-19T16:20:04.321+0000] {processor.py:183} INFO - Processing /opt/airflow/dags/airbnb_pipeline_dag.py took 0.111 seconds
[2025-10-19T16:20:34.583+0000] {processor.py:161} INFO - Started process (PID=282) to work on /opt/airflow/dags/airbnb_pipeline_dag.py
[2025-10-19T16:20:34.585+0000] {processor.py:830} INFO - Processing file /opt/airflow/dags/airbnb_pipeline_dag.py for tasks to queue
[2025-10-19T16:20:34.587+0000] {logging_mixin.py:188} INFO - [2025-10-19T16:20:34.587+0000] {dagbag.py:545} INFO - Filling up the DagBag from /opt/airflow/dags/airbnb_pipeline_dag.py
[2025-10-19T16:20:34.607+0000] {processor.py:840} INFO - DAG(s) 'airbnb_data_pipeline' retrieved from /opt/airflow/dags/airbnb_pipeline_dag.py
[2025-10-19T16:20:34.641+0000] {logging_mixin.py:188} INFO - [2025-10-19T16:20:34.641+0000] {dag.py:3096} INFO - Sync 1 DAGs
[2025-10-19T16:20:34.667+0000] {logging_mixin.py:188} INFO - [2025-10-19T16:20:34.666+0000] {dag.py:3954} INFO - Setting next_dagrun for airbnb_data_pipeline to 2025-10-19 06:00:00+00:00, run_after=2025-10-20 06:00:00+00:00
[2025-10-19T16:20:34.690+0000] {processor.py:183} INFO - Processing /opt/airflow/dags/airbnb_pipeline_dag.py took 0.112 seconds
[2025-10-19T16:21:04.871+0000] {processor.py:161} INFO - Started process (PID=287) to work on /opt/airflow/dags/airbnb_pipeline_dag.py
[2025-10-19T16:21:04.872+0000] {processor.py:830} INFO - Processing file /opt/airflow/dags/airbnb_pipeline_dag.py for tasks to queue
[2025-10-19T16:21:04.874+0000] {logging_mixin.py:188} INFO - [2025-10-19T16:21:04.874+0000] {dagbag.py:545} INFO - Filling up the DagBag from /opt/airflow/dags/airbnb_pipeline_dag.py
[2025-10-19T16:21:04.895+0000] {processor.py:840} INFO - DAG(s) 'airbnb_data_pipeline' retrieved from /opt/airflow/dags/airbnb_pipeline_dag.py
[2025-10-19T16:21:04.939+0000] {logging_mixin.py:188} INFO - [2025-10-19T16:21:04.938+0000] {dag.py:3096} INFO - Sync 1 DAGs
[2025-10-19T16:21:04.965+0000] {logging_mixin.py:188} INFO - [2025-10-19T16:21:04.965+0000] {dag.py:3954} INFO - Setting next_dagrun for airbnb_data_pipeline to 2025-10-19 06:00:00+00:00, run_after=2025-10-20 06:00:00+00:00
[2025-10-19T16:21:04.993+0000] {processor.py:183} INFO - Processing /opt/airflow/dags/airbnb_pipeline_dag.py took 0.129 seconds
[2025-10-19T16:21:35.287+0000] {processor.py:161} INFO - Started process (PID=292) to work on /opt/airflow/dags/airbnb_pipeline_dag.py
[2025-10-19T16:21:35.288+0000] {processor.py:830} INFO - Processing file /opt/airflow/dags/airbnb_pipeline_dag.py for tasks to queue
[2025-10-19T16:21:35.291+0000] {logging_mixin.py:188} INFO - [2025-10-19T16:21:35.291+0000] {dagbag.py:545} INFO - Filling up the DagBag from /opt/airflow/dags/airbnb_pipeline_dag.py
[2025-10-19T16:21:35.314+0000] {processor.py:840} INFO - DAG(s) 'airbnb_data_pipeline' retrieved from /opt/airflow/dags/airbnb_pipeline_dag.py
[2025-10-19T16:21:35.345+0000] {logging_mixin.py:188} INFO - [2025-10-19T16:21:35.345+0000] {dag.py:3096} INFO - Sync 1 DAGs
[2025-10-19T16:21:35.384+0000] {logging_mixin.py:188} INFO - [2025-10-19T16:21:35.383+0000] {dag.py:3954} INFO - Setting next_dagrun for airbnb_data_pipeline to 2025-10-19 06:00:00+00:00, run_after=2025-10-20 06:00:00+00:00
[2025-10-19T16:21:35.409+0000] {processor.py:183} INFO - Processing /opt/airflow/dags/airbnb_pipeline_dag.py took 0.128 seconds
[2025-10-19T16:22:05.569+0000] {processor.py:161} INFO - Started process (PID=297) to work on /opt/airflow/dags/airbnb_pipeline_dag.py
[2025-10-19T16:22:05.570+0000] {processor.py:830} INFO - Processing file /opt/airflow/dags/airbnb_pipeline_dag.py for tasks to queue
[2025-10-19T16:22:05.574+0000] {logging_mixin.py:188} INFO - [2025-10-19T16:22:05.573+0000] {dagbag.py:545} INFO - Filling up the DagBag from /opt/airflow/dags/airbnb_pipeline_dag.py
[2025-10-19T16:22:05.604+0000] {processor.py:840} INFO - DAG(s) 'airbnb_data_pipeline' retrieved from /opt/airflow/dags/airbnb_pipeline_dag.py
[2025-10-19T16:22:05.643+0000] {logging_mixin.py:188} INFO - [2025-10-19T16:22:05.643+0000] {dag.py:3096} INFO - Sync 1 DAGs
[2025-10-19T16:22:05.667+0000] {logging_mixin.py:188} INFO - [2025-10-19T16:22:05.667+0000] {dag.py:3954} INFO - Setting next_dagrun for airbnb_data_pipeline to 2025-10-19 06:00:00+00:00, run_after=2025-10-20 06:00:00+00:00
[2025-10-19T16:22:05.696+0000] {processor.py:183} INFO - Processing /opt/airflow/dags/airbnb_pipeline_dag.py took 0.139 seconds
[2025-10-19T16:22:35.959+0000] {processor.py:161} INFO - Started process (PID=302) to work on /opt/airflow/dags/airbnb_pipeline_dag.py
[2025-10-19T16:22:35.959+0000] {processor.py:830} INFO - Processing file /opt/airflow/dags/airbnb_pipeline_dag.py for tasks to queue
[2025-10-19T16:22:35.961+0000] {logging_mixin.py:188} INFO - [2025-10-19T16:22:35.961+0000] {dagbag.py:545} INFO - Filling up the DagBag from /opt/airflow/dags/airbnb_pipeline_dag.py
[2025-10-19T16:22:35.980+0000] {processor.py:840} INFO - DAG(s) 'airbnb_data_pipeline' retrieved from /opt/airflow/dags/airbnb_pipeline_dag.py
[2025-10-19T16:22:36.014+0000] {logging_mixin.py:188} INFO - [2025-10-19T16:22:36.013+0000] {dag.py:3096} INFO - Sync 1 DAGs
[2025-10-19T16:22:36.036+0000] {logging_mixin.py:188} INFO - [2025-10-19T16:22:36.036+0000] {dag.py:3954} INFO - Setting next_dagrun for airbnb_data_pipeline to 2025-10-19 06:00:00+00:00, run_after=2025-10-20 06:00:00+00:00
[2025-10-19T16:22:36.065+0000] {processor.py:183} INFO - Processing /opt/airflow/dags/airbnb_pipeline_dag.py took 0.111 seconds
[2025-10-19T16:23:06.246+0000] {processor.py:161} INFO - Started process (PID=307) to work on /opt/airflow/dags/airbnb_pipeline_dag.py
[2025-10-19T16:23:06.247+0000] {processor.py:830} INFO - Processing file /opt/airflow/dags/airbnb_pipeline_dag.py for tasks to queue
[2025-10-19T16:23:06.250+0000] {logging_mixin.py:188} INFO - [2025-10-19T16:23:06.250+0000] {dagbag.py:545} INFO - Filling up the DagBag from /opt/airflow/dags/airbnb_pipeline_dag.py
[2025-10-19T16:23:06.276+0000] {processor.py:840} INFO - DAG(s) 'airbnb_data_pipeline' retrieved from /opt/airflow/dags/airbnb_pipeline_dag.py
[2025-10-19T16:23:06.320+0000] {logging_mixin.py:188} INFO - [2025-10-19T16:23:06.320+0000] {dag.py:3096} INFO - Sync 1 DAGs
[2025-10-19T16:23:06.347+0000] {logging_mixin.py:188} INFO - [2025-10-19T16:23:06.347+0000] {dag.py:3954} INFO - Setting next_dagrun for airbnb_data_pipeline to 2025-10-19 06:00:00+00:00, run_after=2025-10-20 06:00:00+00:00
[2025-10-19T16:23:06.374+0000] {processor.py:183} INFO - Processing /opt/airflow/dags/airbnb_pipeline_dag.py took 0.134 seconds
[2025-10-19T16:23:36.606+0000] {processor.py:161} INFO - Started process (PID=312) to work on /opt/airflow/dags/airbnb_pipeline_dag.py
[2025-10-19T16:23:36.607+0000] {processor.py:830} INFO - Processing file /opt/airflow/dags/airbnb_pipeline_dag.py for tasks to queue
[2025-10-19T16:23:36.609+0000] {logging_mixin.py:188} INFO - [2025-10-19T16:23:36.609+0000] {dagbag.py:545} INFO - Filling up the DagBag from /opt/airflow/dags/airbnb_pipeline_dag.py
[2025-10-19T16:23:36.626+0000] {processor.py:840} INFO - DAG(s) 'airbnb_data_pipeline' retrieved from /opt/airflow/dags/airbnb_pipeline_dag.py
[2025-10-19T16:23:36.658+0000] {logging_mixin.py:188} INFO - [2025-10-19T16:23:36.658+0000] {dag.py:3096} INFO - Sync 1 DAGs
[2025-10-19T16:23:36.680+0000] {logging_mixin.py:188} INFO - [2025-10-19T16:23:36.680+0000] {dag.py:3954} INFO - Setting next_dagrun for airbnb_data_pipeline to 2025-10-19 06:00:00+00:00, run_after=2025-10-20 06:00:00+00:00
[2025-10-19T16:23:36.704+0000] {processor.py:183} INFO - Processing /opt/airflow/dags/airbnb_pipeline_dag.py took 0.104 seconds
[2025-10-19T16:24:06.931+0000] {processor.py:161} INFO - Started process (PID=317) to work on /opt/airflow/dags/airbnb_pipeline_dag.py
[2025-10-19T16:24:06.932+0000] {processor.py:830} INFO - Processing file /opt/airflow/dags/airbnb_pipeline_dag.py for tasks to queue
[2025-10-19T16:24:06.935+0000] {logging_mixin.py:188} INFO - [2025-10-19T16:24:06.934+0000] {dagbag.py:545} INFO - Filling up the DagBag from /opt/airflow/dags/airbnb_pipeline_dag.py
[2025-10-19T16:24:06.959+0000] {processor.py:840} INFO - DAG(s) 'airbnb_data_pipeline' retrieved from /opt/airflow/dags/airbnb_pipeline_dag.py
[2025-10-19T16:24:06.995+0000] {logging_mixin.py:188} INFO - [2025-10-19T16:24:06.995+0000] {dag.py:3096} INFO - Sync 1 DAGs
[2025-10-19T16:24:07.019+0000] {logging_mixin.py:188} INFO - [2025-10-19T16:24:07.019+0000] {dag.py:3954} INFO - Setting next_dagrun for airbnb_data_pipeline to 2025-10-19 06:00:00+00:00, run_after=2025-10-20 06:00:00+00:00
[2025-10-19T16:24:07.044+0000] {processor.py:183} INFO - Processing /opt/airflow/dags/airbnb_pipeline_dag.py took 0.119 seconds
[2025-10-19T16:24:37.294+0000] {processor.py:161} INFO - Started process (PID=322) to work on /opt/airflow/dags/airbnb_pipeline_dag.py
[2025-10-19T16:24:37.295+0000] {processor.py:830} INFO - Processing file /opt/airflow/dags/airbnb_pipeline_dag.py for tasks to queue
[2025-10-19T16:24:37.298+0000] {logging_mixin.py:188} INFO - [2025-10-19T16:24:37.298+0000] {dagbag.py:545} INFO - Filling up the DagBag from /opt/airflow/dags/airbnb_pipeline_dag.py
[2025-10-19T16:24:37.320+0000] {processor.py:840} INFO - DAG(s) 'airbnb_data_pipeline' retrieved from /opt/airflow/dags/airbnb_pipeline_dag.py
[2025-10-19T16:24:37.357+0000] {logging_mixin.py:188} INFO - [2025-10-19T16:24:37.356+0000] {dag.py:3096} INFO - Sync 1 DAGs
[2025-10-19T16:24:37.381+0000] {logging_mixin.py:188} INFO - [2025-10-19T16:24:37.380+0000] {dag.py:3954} INFO - Setting next_dagrun for airbnb_data_pipeline to 2025-10-19 06:00:00+00:00, run_after=2025-10-20 06:00:00+00:00
[2025-10-19T16:24:37.407+0000] {processor.py:183} INFO - Processing /opt/airflow/dags/airbnb_pipeline_dag.py took 0.120 seconds
[2025-10-19T16:25:07.593+0000] {processor.py:161} INFO - Started process (PID=327) to work on /opt/airflow/dags/airbnb_pipeline_dag.py
[2025-10-19T16:25:07.594+0000] {processor.py:830} INFO - Processing file /opt/airflow/dags/airbnb_pipeline_dag.py for tasks to queue
[2025-10-19T16:25:07.597+0000] {logging_mixin.py:188} INFO - [2025-10-19T16:25:07.596+0000] {dagbag.py:545} INFO - Filling up the DagBag from /opt/airflow/dags/airbnb_pipeline_dag.py
[2025-10-19T16:25:07.621+0000] {processor.py:840} INFO - DAG(s) 'airbnb_data_pipeline' retrieved from /opt/airflow/dags/airbnb_pipeline_dag.py
[2025-10-19T16:25:07.659+0000] {logging_mixin.py:188} INFO - [2025-10-19T16:25:07.658+0000] {dag.py:3096} INFO - Sync 1 DAGs
[2025-10-19T16:25:07.682+0000] {logging_mixin.py:188} INFO - [2025-10-19T16:25:07.682+0000] {dag.py:3954} INFO - Setting next_dagrun for airbnb_data_pipeline to 2025-10-19 06:00:00+00:00, run_after=2025-10-20 06:00:00+00:00
[2025-10-19T16:25:07.713+0000] {processor.py:183} INFO - Processing /opt/airflow/dags/airbnb_pipeline_dag.py took 0.126 seconds
[2025-10-19T16:25:37.944+0000] {processor.py:161} INFO - Started process (PID=332) to work on /opt/airflow/dags/airbnb_pipeline_dag.py
[2025-10-19T16:25:37.945+0000] {processor.py:830} INFO - Processing file /opt/airflow/dags/airbnb_pipeline_dag.py for tasks to queue
[2025-10-19T16:25:37.947+0000] {logging_mixin.py:188} INFO - [2025-10-19T16:25:37.947+0000] {dagbag.py:545} INFO - Filling up the DagBag from /opt/airflow/dags/airbnb_pipeline_dag.py
[2025-10-19T16:25:37.968+0000] {processor.py:840} INFO - DAG(s) 'airbnb_data_pipeline' retrieved from /opt/airflow/dags/airbnb_pipeline_dag.py
[2025-10-19T16:25:38.002+0000] {logging_mixin.py:188} INFO - [2025-10-19T16:25:38.001+0000] {dag.py:3096} INFO - Sync 1 DAGs
[2025-10-19T16:25:38.025+0000] {logging_mixin.py:188} INFO - [2025-10-19T16:25:38.025+0000] {dag.py:3954} INFO - Setting next_dagrun for airbnb_data_pipeline to 2025-10-19 06:00:00+00:00, run_after=2025-10-20 06:00:00+00:00
[2025-10-19T16:25:38.049+0000] {processor.py:183} INFO - Processing /opt/airflow/dags/airbnb_pipeline_dag.py took 0.111 seconds
[2025-10-19T16:26:08.340+0000] {processor.py:161} INFO - Started process (PID=337) to work on /opt/airflow/dags/airbnb_pipeline_dag.py
[2025-10-19T16:26:08.341+0000] {processor.py:830} INFO - Processing file /opt/airflow/dags/airbnb_pipeline_dag.py for tasks to queue
[2025-10-19T16:26:08.344+0000] {logging_mixin.py:188} INFO - [2025-10-19T16:26:08.343+0000] {dagbag.py:545} INFO - Filling up the DagBag from /opt/airflow/dags/airbnb_pipeline_dag.py
[2025-10-19T16:26:08.363+0000] {processor.py:840} INFO - DAG(s) 'airbnb_data_pipeline' retrieved from /opt/airflow/dags/airbnb_pipeline_dag.py
[2025-10-19T16:26:08.394+0000] {logging_mixin.py:188} INFO - [2025-10-19T16:26:08.394+0000] {dag.py:3096} INFO - Sync 1 DAGs
[2025-10-19T16:26:08.416+0000] {logging_mixin.py:188} INFO - [2025-10-19T16:26:08.416+0000] {dag.py:3954} INFO - Setting next_dagrun for airbnb_data_pipeline to 2025-10-19 06:00:00+00:00, run_after=2025-10-20 06:00:00+00:00
[2025-10-19T16:26:08.442+0000] {processor.py:183} INFO - Processing /opt/airflow/dags/airbnb_pipeline_dag.py took 0.108 seconds
[2025-10-19T16:26:38.655+0000] {processor.py:161} INFO - Started process (PID=342) to work on /opt/airflow/dags/airbnb_pipeline_dag.py
[2025-10-19T16:26:38.656+0000] {processor.py:830} INFO - Processing file /opt/airflow/dags/airbnb_pipeline_dag.py for tasks to queue
[2025-10-19T16:26:38.658+0000] {logging_mixin.py:188} INFO - [2025-10-19T16:26:38.658+0000] {dagbag.py:545} INFO - Filling up the DagBag from /opt/airflow/dags/airbnb_pipeline_dag.py
[2025-10-19T16:26:38.677+0000] {processor.py:840} INFO - DAG(s) 'airbnb_data_pipeline' retrieved from /opt/airflow/dags/airbnb_pipeline_dag.py
[2025-10-19T16:26:38.710+0000] {logging_mixin.py:188} INFO - [2025-10-19T16:26:38.710+0000] {dag.py:3096} INFO - Sync 1 DAGs
[2025-10-19T16:26:38.733+0000] {logging_mixin.py:188} INFO - [2025-10-19T16:26:38.733+0000] {dag.py:3954} INFO - Setting next_dagrun for airbnb_data_pipeline to 2025-10-19 06:00:00+00:00, run_after=2025-10-20 06:00:00+00:00
[2025-10-19T16:26:38.759+0000] {processor.py:183} INFO - Processing /opt/airflow/dags/airbnb_pipeline_dag.py took 0.110 seconds
[2025-10-19T16:27:09.011+0000] {processor.py:161} INFO - Started process (PID=347) to work on /opt/airflow/dags/airbnb_pipeline_dag.py
[2025-10-19T16:27:09.011+0000] {processor.py:830} INFO - Processing file /opt/airflow/dags/airbnb_pipeline_dag.py for tasks to queue
[2025-10-19T16:27:09.013+0000] {logging_mixin.py:188} INFO - [2025-10-19T16:27:09.013+0000] {dagbag.py:545} INFO - Filling up the DagBag from /opt/airflow/dags/airbnb_pipeline_dag.py
[2025-10-19T16:27:09.032+0000] {processor.py:840} INFO - DAG(s) 'airbnb_data_pipeline' retrieved from /opt/airflow/dags/airbnb_pipeline_dag.py
[2025-10-19T16:27:09.068+0000] {logging_mixin.py:188} INFO - [2025-10-19T16:27:09.068+0000] {dag.py:3096} INFO - Sync 1 DAGs
[2025-10-19T16:27:09.091+0000] {logging_mixin.py:188} INFO - [2025-10-19T16:27:09.091+0000] {dag.py:3954} INFO - Setting next_dagrun for airbnb_data_pipeline to 2025-10-19 06:00:00+00:00, run_after=2025-10-20 06:00:00+00:00
[2025-10-19T16:27:09.116+0000] {processor.py:183} INFO - Processing /opt/airflow/dags/airbnb_pipeline_dag.py took 0.110 seconds
[2025-10-19T16:27:39.282+0000] {processor.py:161} INFO - Started process (PID=352) to work on /opt/airflow/dags/airbnb_pipeline_dag.py
[2025-10-19T16:27:39.283+0000] {processor.py:830} INFO - Processing file /opt/airflow/dags/airbnb_pipeline_dag.py for tasks to queue
[2025-10-19T16:27:39.320+0000] {logging_mixin.py:188} INFO - [2025-10-19T16:27:39.320+0000] {dagbag.py:545} INFO - Filling up the DagBag from /opt/airflow/dags/airbnb_pipeline_dag.py
[2025-10-19T16:27:39.375+0000] {processor.py:840} INFO - DAG(s) 'airbnb_data_pipeline' retrieved from /opt/airflow/dags/airbnb_pipeline_dag.py
[2025-10-19T16:27:39.413+0000] {logging_mixin.py:188} INFO - [2025-10-19T16:27:39.412+0000] {dag.py:3096} INFO - Sync 1 DAGs
[2025-10-19T16:27:39.436+0000] {logging_mixin.py:188} INFO - [2025-10-19T16:27:39.436+0000] {dag.py:3954} INFO - Setting next_dagrun for airbnb_data_pipeline to 2025-10-19 06:00:00+00:00, run_after=2025-10-20 06:00:00+00:00
[2025-10-19T16:27:39.460+0000] {processor.py:183} INFO - Processing /opt/airflow/dags/airbnb_pipeline_dag.py took 0.184 seconds
[2025-10-19T16:28:09.629+0000] {processor.py:161} INFO - Started process (PID=357) to work on /opt/airflow/dags/airbnb_pipeline_dag.py
[2025-10-19T16:28:09.630+0000] {processor.py:830} INFO - Processing file /opt/airflow/dags/airbnb_pipeline_dag.py for tasks to queue
[2025-10-19T16:28:09.633+0000] {logging_mixin.py:188} INFO - [2025-10-19T16:28:09.633+0000] {dagbag.py:545} INFO - Filling up the DagBag from /opt/airflow/dags/airbnb_pipeline_dag.py
[2025-10-19T16:28:09.656+0000] {processor.py:840} INFO - DAG(s) 'airbnb_data_pipeline' retrieved from /opt/airflow/dags/airbnb_pipeline_dag.py
[2025-10-19T16:28:09.690+0000] {logging_mixin.py:188} INFO - [2025-10-19T16:28:09.690+0000] {dag.py:3096} INFO - Sync 1 DAGs
[2025-10-19T16:28:09.712+0000] {logging_mixin.py:188} INFO - [2025-10-19T16:28:09.712+0000] {dag.py:3954} INFO - Setting next_dagrun for airbnb_data_pipeline to 2025-10-19 06:00:00+00:00, run_after=2025-10-20 06:00:00+00:00
[2025-10-19T16:28:09.738+0000] {processor.py:183} INFO - Processing /opt/airflow/dags/airbnb_pipeline_dag.py took 0.115 seconds
[2025-10-19T16:28:39.910+0000] {processor.py:161} INFO - Started process (PID=362) to work on /opt/airflow/dags/airbnb_pipeline_dag.py
[2025-10-19T16:28:39.911+0000] {processor.py:830} INFO - Processing file /opt/airflow/dags/airbnb_pipeline_dag.py for tasks to queue
[2025-10-19T16:28:39.913+0000] {logging_mixin.py:188} INFO - [2025-10-19T16:28:39.913+0000] {dagbag.py:545} INFO - Filling up the DagBag from /opt/airflow/dags/airbnb_pipeline_dag.py
[2025-10-19T16:28:39.932+0000] {processor.py:840} INFO - DAG(s) 'airbnb_data_pipeline' retrieved from /opt/airflow/dags/airbnb_pipeline_dag.py
[2025-10-19T16:28:39.964+0000] {logging_mixin.py:188} INFO - [2025-10-19T16:28:39.964+0000] {dag.py:3096} INFO - Sync 1 DAGs
[2025-10-19T16:28:39.986+0000] {logging_mixin.py:188} INFO - [2025-10-19T16:28:39.986+0000] {dag.py:3954} INFO - Setting next_dagrun for airbnb_data_pipeline to 2025-10-19 06:00:00+00:00, run_after=2025-10-20 06:00:00+00:00
[2025-10-19T16:28:40.007+0000] {processor.py:183} INFO - Processing /opt/airflow/dags/airbnb_pipeline_dag.py took 0.104 seconds
[2025-10-19T16:29:10.222+0000] {processor.py:161} INFO - Started process (PID=367) to work on /opt/airflow/dags/airbnb_pipeline_dag.py
[2025-10-19T16:29:10.223+0000] {processor.py:830} INFO - Processing file /opt/airflow/dags/airbnb_pipeline_dag.py for tasks to queue
[2025-10-19T16:29:10.225+0000] {logging_mixin.py:188} INFO - [2025-10-19T16:29:10.224+0000] {dagbag.py:545} INFO - Filling up the DagBag from /opt/airflow/dags/airbnb_pipeline_dag.py
[2025-10-19T16:29:10.244+0000] {processor.py:840} INFO - DAG(s) 'airbnb_data_pipeline' retrieved from /opt/airflow/dags/airbnb_pipeline_dag.py
[2025-10-19T16:29:10.278+0000] {logging_mixin.py:188} INFO - [2025-10-19T16:29:10.278+0000] {dag.py:3096} INFO - Sync 1 DAGs
[2025-10-19T16:29:10.302+0000] {logging_mixin.py:188} INFO - [2025-10-19T16:29:10.302+0000] {dag.py:3954} INFO - Setting next_dagrun for airbnb_data_pipeline to 2025-10-19 06:00:00+00:00, run_after=2025-10-20 06:00:00+00:00
[2025-10-19T16:29:10.325+0000] {processor.py:183} INFO - Processing /opt/airflow/dags/airbnb_pipeline_dag.py took 0.108 seconds
[2025-10-19T16:29:40.585+0000] {processor.py:161} INFO - Started process (PID=372) to work on /opt/airflow/dags/airbnb_pipeline_dag.py
[2025-10-19T16:29:40.586+0000] {processor.py:830} INFO - Processing file /opt/airflow/dags/airbnb_pipeline_dag.py for tasks to queue
[2025-10-19T16:29:40.587+0000] {logging_mixin.py:188} INFO - [2025-10-19T16:29:40.587+0000] {dagbag.py:545} INFO - Filling up the DagBag from /opt/airflow/dags/airbnb_pipeline_dag.py
[2025-10-19T16:29:40.605+0000] {processor.py:840} INFO - DAG(s) 'airbnb_data_pipeline' retrieved from /opt/airflow/dags/airbnb_pipeline_dag.py
[2025-10-19T16:29:40.637+0000] {logging_mixin.py:188} INFO - [2025-10-19T16:29:40.637+0000] {dag.py:3096} INFO - Sync 1 DAGs
[2025-10-19T16:29:40.660+0000] {logging_mixin.py:188} INFO - [2025-10-19T16:29:40.660+0000] {dag.py:3954} INFO - Setting next_dagrun for airbnb_data_pipeline to 2025-10-19 06:00:00+00:00, run_after=2025-10-20 06:00:00+00:00
[2025-10-19T16:29:40.684+0000] {processor.py:183} INFO - Processing /opt/airflow/dags/airbnb_pipeline_dag.py took 0.104 seconds
[2025-10-19T16:30:10.878+0000] {processor.py:161} INFO - Started process (PID=377) to work on /opt/airflow/dags/airbnb_pipeline_dag.py
[2025-10-19T16:30:10.879+0000] {processor.py:830} INFO - Processing file /opt/airflow/dags/airbnb_pipeline_dag.py for tasks to queue
[2025-10-19T16:30:10.882+0000] {logging_mixin.py:188} INFO - [2025-10-19T16:30:10.881+0000] {dagbag.py:545} INFO - Filling up the DagBag from /opt/airflow/dags/airbnb_pipeline_dag.py
[2025-10-19T16:30:10.901+0000] {processor.py:840} INFO - DAG(s) 'airbnb_data_pipeline' retrieved from /opt/airflow/dags/airbnb_pipeline_dag.py
[2025-10-19T16:30:10.935+0000] {logging_mixin.py:188} INFO - [2025-10-19T16:30:10.935+0000] {dag.py:3096} INFO - Sync 1 DAGs
[2025-10-19T16:30:10.962+0000] {logging_mixin.py:188} INFO - [2025-10-19T16:30:10.962+0000] {dag.py:3954} INFO - Setting next_dagrun for airbnb_data_pipeline to 2025-10-19 06:00:00+00:00, run_after=2025-10-20 06:00:00+00:00
[2025-10-19T16:30:10.985+0000] {processor.py:183} INFO - Processing /opt/airflow/dags/airbnb_pipeline_dag.py took 0.113 seconds
[2025-10-19T16:30:41.267+0000] {processor.py:161} INFO - Started process (PID=382) to work on /opt/airflow/dags/airbnb_pipeline_dag.py
[2025-10-19T16:30:41.268+0000] {processor.py:830} INFO - Processing file /opt/airflow/dags/airbnb_pipeline_dag.py for tasks to queue
[2025-10-19T16:30:41.271+0000] {logging_mixin.py:188} INFO - [2025-10-19T16:30:41.270+0000] {dagbag.py:545} INFO - Filling up the DagBag from /opt/airflow/dags/airbnb_pipeline_dag.py
[2025-10-19T16:30:41.289+0000] {processor.py:840} INFO - DAG(s) 'airbnb_data_pipeline' retrieved from /opt/airflow/dags/airbnb_pipeline_dag.py
[2025-10-19T16:30:41.320+0000] {logging_mixin.py:188} INFO - [2025-10-19T16:30:41.320+0000] {dag.py:3096} INFO - Sync 1 DAGs
[2025-10-19T16:30:41.343+0000] {logging_mixin.py:188} INFO - [2025-10-19T16:30:41.343+0000] {dag.py:3954} INFO - Setting next_dagrun for airbnb_data_pipeline to 2025-10-19 06:00:00+00:00, run_after=2025-10-20 06:00:00+00:00
[2025-10-19T16:30:41.366+0000] {processor.py:183} INFO - Processing /opt/airflow/dags/airbnb_pipeline_dag.py took 0.104 seconds
[2025-10-19T16:31:11.618+0000] {processor.py:161} INFO - Started process (PID=387) to work on /opt/airflow/dags/airbnb_pipeline_dag.py
[2025-10-19T16:31:11.619+0000] {processor.py:830} INFO - Processing file /opt/airflow/dags/airbnb_pipeline_dag.py for tasks to queue
[2025-10-19T16:31:11.621+0000] {logging_mixin.py:188} INFO - [2025-10-19T16:31:11.621+0000] {dagbag.py:545} INFO - Filling up the DagBag from /opt/airflow/dags/airbnb_pipeline_dag.py
[2025-10-19T16:31:11.651+0000] {processor.py:840} INFO - DAG(s) 'airbnb_data_pipeline' retrieved from /opt/airflow/dags/airbnb_pipeline_dag.py
[2025-10-19T16:31:11.689+0000] {logging_mixin.py:188} INFO - [2025-10-19T16:31:11.689+0000] {dag.py:3096} INFO - Sync 1 DAGs
[2025-10-19T16:31:11.717+0000] {logging_mixin.py:188} INFO - [2025-10-19T16:31:11.717+0000] {dag.py:3954} INFO - Setting next_dagrun for airbnb_data_pipeline to 2025-10-19 06:00:00+00:00, run_after=2025-10-20 06:00:00+00:00
[2025-10-19T16:31:11.760+0000] {processor.py:183} INFO - Processing /opt/airflow/dags/airbnb_pipeline_dag.py took 0.151 seconds
[2025-10-19T16:31:41.975+0000] {processor.py:161} INFO - Started process (PID=392) to work on /opt/airflow/dags/airbnb_pipeline_dag.py
[2025-10-19T16:31:41.976+0000] {processor.py:830} INFO - Processing file /opt/airflow/dags/airbnb_pipeline_dag.py for tasks to queue
[2025-10-19T16:31:41.978+0000] {logging_mixin.py:188} INFO - [2025-10-19T16:31:41.978+0000] {dagbag.py:545} INFO - Filling up the DagBag from /opt/airflow/dags/airbnb_pipeline_dag.py
[2025-10-19T16:31:41.998+0000] {processor.py:840} INFO - DAG(s) 'airbnb_data_pipeline' retrieved from /opt/airflow/dags/airbnb_pipeline_dag.py
[2025-10-19T16:31:42.031+0000] {logging_mixin.py:188} INFO - [2025-10-19T16:31:42.030+0000] {dag.py:3096} INFO - Sync 1 DAGs
[2025-10-19T16:31:42.060+0000] {logging_mixin.py:188} INFO - [2025-10-19T16:31:42.059+0000] {dag.py:3954} INFO - Setting next_dagrun for airbnb_data_pipeline to 2025-10-19 06:00:00+00:00, run_after=2025-10-20 06:00:00+00:00
[2025-10-19T16:31:42.087+0000] {processor.py:183} INFO - Processing /opt/airflow/dags/airbnb_pipeline_dag.py took 0.119 seconds
[2025-10-19T16:32:12.370+0000] {processor.py:161} INFO - Started process (PID=397) to work on /opt/airflow/dags/airbnb_pipeline_dag.py
[2025-10-19T16:32:12.371+0000] {processor.py:830} INFO - Processing file /opt/airflow/dags/airbnb_pipeline_dag.py for tasks to queue
[2025-10-19T16:32:12.373+0000] {logging_mixin.py:188} INFO - [2025-10-19T16:32:12.373+0000] {dagbag.py:545} INFO - Filling up the DagBag from /opt/airflow/dags/airbnb_pipeline_dag.py
[2025-10-19T16:32:12.395+0000] {processor.py:840} INFO - DAG(s) 'airbnb_data_pipeline' retrieved from /opt/airflow/dags/airbnb_pipeline_dag.py
[2025-10-19T16:32:12.430+0000] {logging_mixin.py:188} INFO - [2025-10-19T16:32:12.429+0000] {dag.py:3096} INFO - Sync 1 DAGs
[2025-10-19T16:32:12.452+0000] {logging_mixin.py:188} INFO - [2025-10-19T16:32:12.452+0000] {dag.py:3954} INFO - Setting next_dagrun for airbnb_data_pipeline to 2025-10-19 06:00:00+00:00, run_after=2025-10-20 06:00:00+00:00
[2025-10-19T16:32:12.476+0000] {processor.py:183} INFO - Processing /opt/airflow/dags/airbnb_pipeline_dag.py took 0.111 seconds
[2025-10-19T16:32:42.650+0000] {processor.py:161} INFO - Started process (PID=402) to work on /opt/airflow/dags/airbnb_pipeline_dag.py
[2025-10-19T16:32:42.651+0000] {processor.py:830} INFO - Processing file /opt/airflow/dags/airbnb_pipeline_dag.py for tasks to queue
[2025-10-19T16:32:42.654+0000] {logging_mixin.py:188} INFO - [2025-10-19T16:32:42.654+0000] {dagbag.py:545} INFO - Filling up the DagBag from /opt/airflow/dags/airbnb_pipeline_dag.py
[2025-10-19T16:32:42.684+0000] {processor.py:840} INFO - DAG(s) 'airbnb_data_pipeline' retrieved from /opt/airflow/dags/airbnb_pipeline_dag.py
[2025-10-19T16:32:42.723+0000] {logging_mixin.py:188} INFO - [2025-10-19T16:32:42.723+0000] {dag.py:3096} INFO - Sync 1 DAGs
[2025-10-19T16:32:42.751+0000] {logging_mixin.py:188} INFO - [2025-10-19T16:32:42.751+0000] {dag.py:3954} INFO - Setting next_dagrun for airbnb_data_pipeline to 2025-10-19 06:00:00+00:00, run_after=2025-10-20 06:00:00+00:00
[2025-10-19T16:32:42.778+0000] {processor.py:183} INFO - Processing /opt/airflow/dags/airbnb_pipeline_dag.py took 0.135 seconds
[2025-10-19T16:33:13.035+0000] {processor.py:161} INFO - Started process (PID=407) to work on /opt/airflow/dags/airbnb_pipeline_dag.py
[2025-10-19T16:33:13.036+0000] {processor.py:830} INFO - Processing file /opt/airflow/dags/airbnb_pipeline_dag.py for tasks to queue
[2025-10-19T16:33:13.038+0000] {logging_mixin.py:188} INFO - [2025-10-19T16:33:13.038+0000] {dagbag.py:545} INFO - Filling up the DagBag from /opt/airflow/dags/airbnb_pipeline_dag.py
[2025-10-19T16:33:13.059+0000] {processor.py:840} INFO - DAG(s) 'airbnb_data_pipeline' retrieved from /opt/airflow/dags/airbnb_pipeline_dag.py
[2025-10-19T16:33:13.102+0000] {logging_mixin.py:188} INFO - [2025-10-19T16:33:13.102+0000] {dag.py:3096} INFO - Sync 1 DAGs
[2025-10-19T16:33:13.128+0000] {logging_mixin.py:188} INFO - [2025-10-19T16:33:13.128+0000] {dag.py:3954} INFO - Setting next_dagrun for airbnb_data_pipeline to 2025-10-19 06:00:00+00:00, run_after=2025-10-20 06:00:00+00:00
[2025-10-19T16:33:13.153+0000] {processor.py:183} INFO - Processing /opt/airflow/dags/airbnb_pipeline_dag.py took 0.123 seconds
[2025-10-19T16:33:43.282+0000] {processor.py:161} INFO - Started process (PID=412) to work on /opt/airflow/dags/airbnb_pipeline_dag.py
[2025-10-19T16:33:43.283+0000] {processor.py:830} INFO - Processing file /opt/airflow/dags/airbnb_pipeline_dag.py for tasks to queue
[2025-10-19T16:33:43.286+0000] {logging_mixin.py:188} INFO - [2025-10-19T16:33:43.285+0000] {dagbag.py:545} INFO - Filling up the DagBag from /opt/airflow/dags/airbnb_pipeline_dag.py
[2025-10-19T16:33:43.311+0000] {processor.py:840} INFO - DAG(s) 'airbnb_data_pipeline' retrieved from /opt/airflow/dags/airbnb_pipeline_dag.py
[2025-10-19T16:33:43.353+0000] {logging_mixin.py:188} INFO - [2025-10-19T16:33:43.353+0000] {dag.py:3096} INFO - Sync 1 DAGs
[2025-10-19T16:33:43.380+0000] {logging_mixin.py:188} INFO - [2025-10-19T16:33:43.380+0000] {dag.py:3954} INFO - Setting next_dagrun for airbnb_data_pipeline to 2025-10-19 06:00:00+00:00, run_after=2025-10-20 06:00:00+00:00
[2025-10-19T16:33:43.409+0000] {processor.py:183} INFO - Processing /opt/airflow/dags/airbnb_pipeline_dag.py took 0.136 seconds
[2025-10-19T16:34:13.677+0000] {processor.py:161} INFO - Started process (PID=454) to work on /opt/airflow/dags/airbnb_pipeline_dag.py
[2025-10-19T16:34:13.678+0000] {processor.py:830} INFO - Processing file /opt/airflow/dags/airbnb_pipeline_dag.py for tasks to queue
[2025-10-19T16:34:13.680+0000] {logging_mixin.py:188} INFO - [2025-10-19T16:34:13.679+0000] {dagbag.py:545} INFO - Filling up the DagBag from /opt/airflow/dags/airbnb_pipeline_dag.py
[2025-10-19T16:34:13.697+0000] {processor.py:840} INFO - DAG(s) 'airbnb_data_pipeline' retrieved from /opt/airflow/dags/airbnb_pipeline_dag.py
[2025-10-19T16:34:13.730+0000] {logging_mixin.py:188} INFO - [2025-10-19T16:34:13.730+0000] {dag.py:3096} INFO - Sync 1 DAGs
[2025-10-19T16:34:13.772+0000] {processor.py:183} INFO - Processing /opt/airflow/dags/airbnb_pipeline_dag.py took 0.101 seconds
[2025-10-19T16:34:43.939+0000] {processor.py:161} INFO - Started process (PID=459) to work on /opt/airflow/dags/airbnb_pipeline_dag.py
[2025-10-19T16:34:43.941+0000] {processor.py:830} INFO - Processing file /opt/airflow/dags/airbnb_pipeline_dag.py for tasks to queue
[2025-10-19T16:34:43.943+0000] {logging_mixin.py:188} INFO - [2025-10-19T16:34:43.943+0000] {dagbag.py:545} INFO - Filling up the DagBag from /opt/airflow/dags/airbnb_pipeline_dag.py
[2025-10-19T16:34:43.983+0000] {processor.py:840} INFO - DAG(s) 'airbnb_data_pipeline' retrieved from /opt/airflow/dags/airbnb_pipeline_dag.py
[2025-10-19T16:34:44.019+0000] {logging_mixin.py:188} INFO - [2025-10-19T16:34:44.019+0000] {dag.py:3096} INFO - Sync 1 DAGs
[2025-10-19T16:34:44.069+0000] {processor.py:183} INFO - Processing /opt/airflow/dags/airbnb_pipeline_dag.py took 0.138 seconds
[2025-10-19T16:35:14.306+0000] {processor.py:161} INFO - Started process (PID=464) to work on /opt/airflow/dags/airbnb_pipeline_dag.py
[2025-10-19T16:35:14.306+0000] {processor.py:830} INFO - Processing file /opt/airflow/dags/airbnb_pipeline_dag.py for tasks to queue
[2025-10-19T16:35:14.308+0000] {logging_mixin.py:188} INFO - [2025-10-19T16:35:14.308+0000] {dagbag.py:545} INFO - Filling up the DagBag from /opt/airflow/dags/airbnb_pipeline_dag.py
[2025-10-19T16:35:14.337+0000] {processor.py:840} INFO - DAG(s) 'airbnb_data_pipeline' retrieved from /opt/airflow/dags/airbnb_pipeline_dag.py
[2025-10-19T16:35:14.369+0000] {logging_mixin.py:188} INFO - [2025-10-19T16:35:14.369+0000] {dag.py:3096} INFO - Sync 1 DAGs
[2025-10-19T16:35:14.410+0000] {processor.py:183} INFO - Processing /opt/airflow/dags/airbnb_pipeline_dag.py took 0.110 seconds
[2025-10-19T16:35:44.675+0000] {processor.py:161} INFO - Started process (PID=469) to work on /opt/airflow/dags/airbnb_pipeline_dag.py
[2025-10-19T16:35:44.676+0000] {processor.py:830} INFO - Processing file /opt/airflow/dags/airbnb_pipeline_dag.py for tasks to queue
[2025-10-19T16:35:44.679+0000] {logging_mixin.py:188} INFO - [2025-10-19T16:35:44.678+0000] {dagbag.py:545} INFO - Filling up the DagBag from /opt/airflow/dags/airbnb_pipeline_dag.py
[2025-10-19T16:35:44.702+0000] {processor.py:840} INFO - DAG(s) 'airbnb_data_pipeline' retrieved from /opt/airflow/dags/airbnb_pipeline_dag.py
[2025-10-19T16:35:44.735+0000] {logging_mixin.py:188} INFO - [2025-10-19T16:35:44.735+0000] {dag.py:3096} INFO - Sync 1 DAGs
[2025-10-19T16:35:44.778+0000] {processor.py:183} INFO - Processing /opt/airflow/dags/airbnb_pipeline_dag.py took 0.109 seconds
[2025-10-19T16:36:15.033+0000] {processor.py:161} INFO - Started process (PID=474) to work on /opt/airflow/dags/airbnb_pipeline_dag.py
[2025-10-19T16:36:15.034+0000] {processor.py:830} INFO - Processing file /opt/airflow/dags/airbnb_pipeline_dag.py for tasks to queue
[2025-10-19T16:36:15.036+0000] {logging_mixin.py:188} INFO - [2025-10-19T16:36:15.036+0000] {dagbag.py:545} INFO - Filling up the DagBag from /opt/airflow/dags/airbnb_pipeline_dag.py
[2025-10-19T16:36:15.063+0000] {processor.py:840} INFO - DAG(s) 'airbnb_data_pipeline' retrieved from /opt/airflow/dags/airbnb_pipeline_dag.py
[2025-10-19T16:36:15.100+0000] {logging_mixin.py:188} INFO - [2025-10-19T16:36:15.100+0000] {dag.py:3096} INFO - Sync 1 DAGs
[2025-10-19T16:36:15.150+0000] {processor.py:183} INFO - Processing /opt/airflow/dags/airbnb_pipeline_dag.py took 0.123 seconds
[2025-10-19T16:36:45.333+0000] {processor.py:161} INFO - Started process (PID=479) to work on /opt/airflow/dags/airbnb_pipeline_dag.py
[2025-10-19T16:36:45.333+0000] {processor.py:830} INFO - Processing file /opt/airflow/dags/airbnb_pipeline_dag.py for tasks to queue
[2025-10-19T16:36:45.335+0000] {logging_mixin.py:188} INFO - [2025-10-19T16:36:45.335+0000] {dagbag.py:545} INFO - Filling up the DagBag from /opt/airflow/dags/airbnb_pipeline_dag.py
[2025-10-19T16:36:45.353+0000] {processor.py:840} INFO - DAG(s) 'airbnb_data_pipeline' retrieved from /opt/airflow/dags/airbnb_pipeline_dag.py
[2025-10-19T16:36:45.384+0000] {logging_mixin.py:188} INFO - [2025-10-19T16:36:45.384+0000] {dag.py:3096} INFO - Sync 1 DAGs
[2025-10-19T16:36:45.430+0000] {processor.py:183} INFO - Processing /opt/airflow/dags/airbnb_pipeline_dag.py took 0.103 seconds
[2025-10-19T16:37:15.727+0000] {processor.py:161} INFO - Started process (PID=484) to work on /opt/airflow/dags/airbnb_pipeline_dag.py
[2025-10-19T16:37:15.728+0000] {processor.py:830} INFO - Processing file /opt/airflow/dags/airbnb_pipeline_dag.py for tasks to queue
[2025-10-19T16:37:15.729+0000] {logging_mixin.py:188} INFO - [2025-10-19T16:37:15.729+0000] {dagbag.py:545} INFO - Filling up the DagBag from /opt/airflow/dags/airbnb_pipeline_dag.py
[2025-10-19T16:37:15.747+0000] {processor.py:840} INFO - DAG(s) 'airbnb_data_pipeline' retrieved from /opt/airflow/dags/airbnb_pipeline_dag.py
[2025-10-19T16:37:15.778+0000] {logging_mixin.py:188} INFO - [2025-10-19T16:37:15.777+0000] {dag.py:3096} INFO - Sync 1 DAGs
[2025-10-19T16:37:15.820+0000] {processor.py:183} INFO - Processing /opt/airflow/dags/airbnb_pipeline_dag.py took 0.099 seconds
[2025-10-19T16:41:27.372+0000] {processor.py:161} INFO - Started process (PID=180) to work on /opt/airflow/dags/airbnb_pipeline_dag.py
[2025-10-19T16:41:27.375+0000] {processor.py:830} INFO - Processing file /opt/airflow/dags/airbnb_pipeline_dag.py for tasks to queue
[2025-10-19T16:41:27.380+0000] {logging_mixin.py:188} INFO - [2025-10-19T16:41:27.380+0000] {dagbag.py:545} INFO - Filling up the DagBag from /opt/airflow/dags/airbnb_pipeline_dag.py
[2025-10-19T16:41:27.416+0000] {processor.py:840} INFO - DAG(s) 'airbnb_data_pipeline' retrieved from /opt/airflow/dags/airbnb_pipeline_dag.py
[2025-10-19T16:41:27.456+0000] {logging_mixin.py:188} INFO - [2025-10-19T16:41:27.456+0000] {dag.py:3096} INFO - Sync 1 DAGs
[2025-10-19T16:41:27.506+0000] {processor.py:183} INFO - Processing /opt/airflow/dags/airbnb_pipeline_dag.py took 0.151 seconds
[2025-10-19T16:41:57.689+0000] {processor.py:161} INFO - Started process (PID=209) to work on /opt/airflow/dags/airbnb_pipeline_dag.py
[2025-10-19T16:41:57.691+0000] {processor.py:830} INFO - Processing file /opt/airflow/dags/airbnb_pipeline_dag.py for tasks to queue
[2025-10-19T16:41:57.694+0000] {logging_mixin.py:188} INFO - [2025-10-19T16:41:57.693+0000] {dagbag.py:545} INFO - Filling up the DagBag from /opt/airflow/dags/airbnb_pipeline_dag.py
[2025-10-19T16:41:57.727+0000] {processor.py:840} INFO - DAG(s) 'airbnb_data_pipeline' retrieved from /opt/airflow/dags/airbnb_pipeline_dag.py
[2025-10-19T16:41:57.929+0000] {logging_mixin.py:188} INFO - [2025-10-19T16:41:57.929+0000] {dag.py:3096} INFO - Sync 1 DAGs
[2025-10-19T16:41:57.948+0000] {logging_mixin.py:188} INFO - [2025-10-19T16:41:57.948+0000] {dag.py:3954} INFO - Setting next_dagrun for airbnb_data_pipeline to 2025-10-19 06:00:00+00:00, run_after=2025-10-20 06:00:00+00:00
[2025-10-19T16:41:57.980+0000] {processor.py:183} INFO - Processing /opt/airflow/dags/airbnb_pipeline_dag.py took 0.299 seconds
[2025-10-19T16:42:28.047+0000] {processor.py:161} INFO - Started process (PID=214) to work on /opt/airflow/dags/airbnb_pipeline_dag.py
[2025-10-19T16:42:28.048+0000] {processor.py:830} INFO - Processing file /opt/airflow/dags/airbnb_pipeline_dag.py for tasks to queue
[2025-10-19T16:42:28.050+0000] {logging_mixin.py:188} INFO - [2025-10-19T16:42:28.050+0000] {dagbag.py:545} INFO - Filling up the DagBag from /opt/airflow/dags/airbnb_pipeline_dag.py
[2025-10-19T16:42:28.071+0000] {processor.py:840} INFO - DAG(s) 'airbnb_data_pipeline' retrieved from /opt/airflow/dags/airbnb_pipeline_dag.py
[2025-10-19T16:42:28.105+0000] {logging_mixin.py:188} INFO - [2025-10-19T16:42:28.105+0000] {dag.py:3096} INFO - Sync 1 DAGs
[2025-10-19T16:42:28.128+0000] {logging_mixin.py:188} INFO - [2025-10-19T16:42:28.128+0000] {dag.py:3954} INFO - Setting next_dagrun for airbnb_data_pipeline to 2025-10-19 06:00:00+00:00, run_after=2025-10-20 06:00:00+00:00
[2025-10-19T16:42:28.154+0000] {processor.py:183} INFO - Processing /opt/airflow/dags/airbnb_pipeline_dag.py took 0.114 seconds
[2025-10-19T16:42:58.265+0000] {processor.py:161} INFO - Started process (PID=219) to work on /opt/airflow/dags/airbnb_pipeline_dag.py
[2025-10-19T16:42:58.266+0000] {processor.py:830} INFO - Processing file /opt/airflow/dags/airbnb_pipeline_dag.py for tasks to queue
[2025-10-19T16:42:58.267+0000] {logging_mixin.py:188} INFO - [2025-10-19T16:42:58.267+0000] {dagbag.py:545} INFO - Filling up the DagBag from /opt/airflow/dags/airbnb_pipeline_dag.py
[2025-10-19T16:42:58.285+0000] {processor.py:840} INFO - DAG(s) 'airbnb_data_pipeline' retrieved from /opt/airflow/dags/airbnb_pipeline_dag.py
[2025-10-19T16:42:58.321+0000] {logging_mixin.py:188} INFO - [2025-10-19T16:42:58.321+0000] {dag.py:3096} INFO - Sync 1 DAGs
[2025-10-19T16:42:58.351+0000] {logging_mixin.py:188} INFO - [2025-10-19T16:42:58.351+0000] {dag.py:3954} INFO - Setting next_dagrun for airbnb_data_pipeline to 2025-10-19 06:00:00+00:00, run_after=2025-10-20 06:00:00+00:00
[2025-10-19T16:42:58.381+0000] {processor.py:183} INFO - Processing /opt/airflow/dags/airbnb_pipeline_dag.py took 0.122 seconds
[2025-10-19T16:43:28.710+0000] {processor.py:161} INFO - Started process (PID=224) to work on /opt/airflow/dags/airbnb_pipeline_dag.py
[2025-10-19T16:43:28.711+0000] {processor.py:830} INFO - Processing file /opt/airflow/dags/airbnb_pipeline_dag.py for tasks to queue
[2025-10-19T16:43:28.713+0000] {logging_mixin.py:188} INFO - [2025-10-19T16:43:28.713+0000] {dagbag.py:545} INFO - Filling up the DagBag from /opt/airflow/dags/airbnb_pipeline_dag.py
[2025-10-19T16:43:28.732+0000] {processor.py:840} INFO - DAG(s) 'airbnb_data_pipeline' retrieved from /opt/airflow/dags/airbnb_pipeline_dag.py
[2025-10-19T16:43:28.765+0000] {logging_mixin.py:188} INFO - [2025-10-19T16:43:28.764+0000] {dag.py:3096} INFO - Sync 1 DAGs
[2025-10-19T16:43:28.787+0000] {logging_mixin.py:188} INFO - [2025-10-19T16:43:28.786+0000] {dag.py:3954} INFO - Setting next_dagrun for airbnb_data_pipeline to 2025-10-19 06:00:00+00:00, run_after=2025-10-20 06:00:00+00:00
[2025-10-19T16:43:28.816+0000] {processor.py:183} INFO - Processing /opt/airflow/dags/airbnb_pipeline_dag.py took 0.112 seconds
[2025-10-19T16:43:59.052+0000] {processor.py:161} INFO - Started process (PID=229) to work on /opt/airflow/dags/airbnb_pipeline_dag.py
[2025-10-19T16:43:59.053+0000] {processor.py:830} INFO - Processing file /opt/airflow/dags/airbnb_pipeline_dag.py for tasks to queue
[2025-10-19T16:43:59.055+0000] {logging_mixin.py:188} INFO - [2025-10-19T16:43:59.055+0000] {dagbag.py:545} INFO - Filling up the DagBag from /opt/airflow/dags/airbnb_pipeline_dag.py
[2025-10-19T16:43:59.071+0000] {processor.py:840} INFO - DAG(s) 'airbnb_data_pipeline' retrieved from /opt/airflow/dags/airbnb_pipeline_dag.py
[2025-10-19T16:43:59.105+0000] {logging_mixin.py:188} INFO - [2025-10-19T16:43:59.104+0000] {dag.py:3096} INFO - Sync 1 DAGs
[2025-10-19T16:43:59.127+0000] {logging_mixin.py:188} INFO - [2025-10-19T16:43:59.127+0000] {dag.py:3954} INFO - Setting next_dagrun for airbnb_data_pipeline to 2025-10-19 06:00:00+00:00, run_after=2025-10-20 06:00:00+00:00
[2025-10-19T16:43:59.153+0000] {processor.py:183} INFO - Processing /opt/airflow/dags/airbnb_pipeline_dag.py took 0.107 seconds
[2025-10-19T16:44:29.466+0000] {processor.py:161} INFO - Started process (PID=234) to work on /opt/airflow/dags/airbnb_pipeline_dag.py
[2025-10-19T16:44:29.467+0000] {processor.py:830} INFO - Processing file /opt/airflow/dags/airbnb_pipeline_dag.py for tasks to queue
[2025-10-19T16:44:29.469+0000] {logging_mixin.py:188} INFO - [2025-10-19T16:44:29.469+0000] {dagbag.py:545} INFO - Filling up the DagBag from /opt/airflow/dags/airbnb_pipeline_dag.py
[2025-10-19T16:44:29.487+0000] {processor.py:840} INFO - DAG(s) 'airbnb_data_pipeline' retrieved from /opt/airflow/dags/airbnb_pipeline_dag.py
[2025-10-19T16:44:29.518+0000] {logging_mixin.py:188} INFO - [2025-10-19T16:44:29.518+0000] {dag.py:3096} INFO - Sync 1 DAGs
[2025-10-19T16:44:29.540+0000] {logging_mixin.py:188} INFO - [2025-10-19T16:44:29.540+0000] {dag.py:3954} INFO - Setting next_dagrun for airbnb_data_pipeline to 2025-10-19 06:00:00+00:00, run_after=2025-10-20 06:00:00+00:00
[2025-10-19T16:44:29.565+0000] {processor.py:183} INFO - Processing /opt/airflow/dags/airbnb_pipeline_dag.py took 0.105 seconds
[2025-10-19T16:44:59.781+0000] {processor.py:161} INFO - Started process (PID=239) to work on /opt/airflow/dags/airbnb_pipeline_dag.py
[2025-10-19T16:44:59.782+0000] {processor.py:830} INFO - Processing file /opt/airflow/dags/airbnb_pipeline_dag.py for tasks to queue
[2025-10-19T16:44:59.785+0000] {logging_mixin.py:188} INFO - [2025-10-19T16:44:59.784+0000] {dagbag.py:545} INFO - Filling up the DagBag from /opt/airflow/dags/airbnb_pipeline_dag.py
[2025-10-19T16:44:59.811+0000] {processor.py:840} INFO - DAG(s) 'airbnb_data_pipeline' retrieved from /opt/airflow/dags/airbnb_pipeline_dag.py
[2025-10-19T16:44:59.848+0000] {logging_mixin.py:188} INFO - [2025-10-19T16:44:59.848+0000] {dag.py:3096} INFO - Sync 1 DAGs
[2025-10-19T16:44:59.874+0000] {logging_mixin.py:188} INFO - [2025-10-19T16:44:59.873+0000] {dag.py:3954} INFO - Setting next_dagrun for airbnb_data_pipeline to 2025-10-19 06:00:00+00:00, run_after=2025-10-20 06:00:00+00:00
[2025-10-19T16:44:59.903+0000] {processor.py:183} INFO - Processing /opt/airflow/dags/airbnb_pipeline_dag.py took 0.127 seconds
[2025-10-19T16:45:30.165+0000] {processor.py:161} INFO - Started process (PID=244) to work on /opt/airflow/dags/airbnb_pipeline_dag.py
[2025-10-19T16:45:30.166+0000] {processor.py:830} INFO - Processing file /opt/airflow/dags/airbnb_pipeline_dag.py for tasks to queue
[2025-10-19T16:45:30.169+0000] {logging_mixin.py:188} INFO - [2025-10-19T16:45:30.168+0000] {dagbag.py:545} INFO - Filling up the DagBag from /opt/airflow/dags/airbnb_pipeline_dag.py
[2025-10-19T16:45:30.185+0000] {processor.py:840} INFO - DAG(s) 'airbnb_data_pipeline' retrieved from /opt/airflow/dags/airbnb_pipeline_dag.py
[2025-10-19T16:45:30.218+0000] {logging_mixin.py:188} INFO - [2025-10-19T16:45:30.217+0000] {dag.py:3096} INFO - Sync 1 DAGs
[2025-10-19T16:45:30.241+0000] {logging_mixin.py:188} INFO - [2025-10-19T16:45:30.241+0000] {dag.py:3954} INFO - Setting next_dagrun for airbnb_data_pipeline to 2025-10-19 06:00:00+00:00, run_after=2025-10-20 06:00:00+00:00
[2025-10-19T16:45:30.268+0000] {processor.py:183} INFO - Processing /opt/airflow/dags/airbnb_pipeline_dag.py took 0.109 seconds
[2025-10-19T16:46:00.461+0000] {processor.py:161} INFO - Started process (PID=249) to work on /opt/airflow/dags/airbnb_pipeline_dag.py
[2025-10-19T16:46:00.462+0000] {processor.py:830} INFO - Processing file /opt/airflow/dags/airbnb_pipeline_dag.py for tasks to queue
[2025-10-19T16:46:00.464+0000] {logging_mixin.py:188} INFO - [2025-10-19T16:46:00.464+0000] {dagbag.py:545} INFO - Filling up the DagBag from /opt/airflow/dags/airbnb_pipeline_dag.py
[2025-10-19T16:46:00.481+0000] {processor.py:840} INFO - DAG(s) 'airbnb_data_pipeline' retrieved from /opt/airflow/dags/airbnb_pipeline_dag.py
[2025-10-19T16:46:00.514+0000] {logging_mixin.py:188} INFO - [2025-10-19T16:46:00.514+0000] {dag.py:3096} INFO - Sync 1 DAGs
[2025-10-19T16:46:00.540+0000] {logging_mixin.py:188} INFO - [2025-10-19T16:46:00.540+0000] {dag.py:3954} INFO - Setting next_dagrun for airbnb_data_pipeline to 2025-10-19 06:00:00+00:00, run_after=2025-10-20 06:00:00+00:00
[2025-10-19T16:46:00.567+0000] {processor.py:183} INFO - Processing /opt/airflow/dags/airbnb_pipeline_dag.py took 0.111 seconds
[2025-10-19T16:46:30.849+0000] {processor.py:161} INFO - Started process (PID=291) to work on /opt/airflow/dags/airbnb_pipeline_dag.py
[2025-10-19T16:46:30.850+0000] {processor.py:830} INFO - Processing file /opt/airflow/dags/airbnb_pipeline_dag.py for tasks to queue
[2025-10-19T16:46:30.854+0000] {logging_mixin.py:188} INFO - [2025-10-19T16:46:30.853+0000] {dagbag.py:545} INFO - Filling up the DagBag from /opt/airflow/dags/airbnb_pipeline_dag.py
[2025-10-19T16:46:30.879+0000] {processor.py:840} INFO - DAG(s) 'airbnb_data_pipeline' retrieved from /opt/airflow/dags/airbnb_pipeline_dag.py
[2025-10-19T16:46:30.911+0000] {logging_mixin.py:188} INFO - [2025-10-19T16:46:30.911+0000] {dag.py:3096} INFO - Sync 1 DAGs
[2025-10-19T16:46:30.931+0000] {logging_mixin.py:188} INFO - [2025-10-19T16:46:30.931+0000] {dag.py:3954} INFO - Setting next_dagrun for airbnb_data_pipeline to 2025-10-19 06:00:00+00:00, run_after=2025-10-20 06:00:00+00:00
[2025-10-19T16:46:30.957+0000] {processor.py:183} INFO - Processing /opt/airflow/dags/airbnb_pipeline_dag.py took 0.114 seconds
[2025-10-19T16:47:01.129+0000] {processor.py:161} INFO - Started process (PID=307) to work on /opt/airflow/dags/airbnb_pipeline_dag.py
[2025-10-19T16:47:01.129+0000] {processor.py:830} INFO - Processing file /opt/airflow/dags/airbnb_pipeline_dag.py for tasks to queue
[2025-10-19T16:47:01.131+0000] {logging_mixin.py:188} INFO - [2025-10-19T16:47:01.131+0000] {dagbag.py:545} INFO - Filling up the DagBag from /opt/airflow/dags/airbnb_pipeline_dag.py
[2025-10-19T16:47:01.149+0000] {processor.py:840} INFO - DAG(s) 'airbnb_data_pipeline' retrieved from /opt/airflow/dags/airbnb_pipeline_dag.py
[2025-10-19T16:47:01.181+0000] {logging_mixin.py:188} INFO - [2025-10-19T16:47:01.181+0000] {dag.py:3096} INFO - Sync 1 DAGs
[2025-10-19T16:47:01.204+0000] {logging_mixin.py:188} INFO - [2025-10-19T16:47:01.204+0000] {dag.py:3954} INFO - Setting next_dagrun for airbnb_data_pipeline to 2025-10-19 06:00:00+00:00, run_after=2025-10-20 06:00:00+00:00
[2025-10-19T16:47:01.231+0000] {processor.py:183} INFO - Processing /opt/airflow/dags/airbnb_pipeline_dag.py took 0.108 seconds
[2025-10-19T16:47:31.456+0000] {processor.py:161} INFO - Started process (PID=312) to work on /opt/airflow/dags/airbnb_pipeline_dag.py
[2025-10-19T16:47:31.457+0000] {processor.py:830} INFO - Processing file /opt/airflow/dags/airbnb_pipeline_dag.py for tasks to queue
[2025-10-19T16:47:31.459+0000] {logging_mixin.py:188} INFO - [2025-10-19T16:47:31.459+0000] {dagbag.py:545} INFO - Filling up the DagBag from /opt/airflow/dags/airbnb_pipeline_dag.py
[2025-10-19T16:47:31.486+0000] {processor.py:840} INFO - DAG(s) 'airbnb_data_pipeline' retrieved from /opt/airflow/dags/airbnb_pipeline_dag.py
[2025-10-19T16:47:31.526+0000] {logging_mixin.py:188} INFO - [2025-10-19T16:47:31.526+0000] {dag.py:3096} INFO - Sync 1 DAGs
[2025-10-19T16:47:31.549+0000] {logging_mixin.py:188} INFO - [2025-10-19T16:47:31.549+0000] {dag.py:3954} INFO - Setting next_dagrun for airbnb_data_pipeline to 2025-10-19 06:00:00+00:00, run_after=2025-10-20 06:00:00+00:00
[2025-10-19T16:47:31.571+0000] {processor.py:183} INFO - Processing /opt/airflow/dags/airbnb_pipeline_dag.py took 0.121 seconds
[2025-10-19T16:48:01.764+0000] {processor.py:161} INFO - Started process (PID=317) to work on /opt/airflow/dags/airbnb_pipeline_dag.py
[2025-10-19T16:48:01.765+0000] {processor.py:830} INFO - Processing file /opt/airflow/dags/airbnb_pipeline_dag.py for tasks to queue
[2025-10-19T16:48:01.767+0000] {logging_mixin.py:188} INFO - [2025-10-19T16:48:01.767+0000] {dagbag.py:545} INFO - Filling up the DagBag from /opt/airflow/dags/airbnb_pipeline_dag.py
[2025-10-19T16:48:01.787+0000] {processor.py:840} INFO - DAG(s) 'airbnb_data_pipeline' retrieved from /opt/airflow/dags/airbnb_pipeline_dag.py
[2025-10-19T16:48:01.821+0000] {logging_mixin.py:188} INFO - [2025-10-19T16:48:01.821+0000] {dag.py:3096} INFO - Sync 1 DAGs
[2025-10-19T16:48:01.843+0000] {logging_mixin.py:188} INFO - [2025-10-19T16:48:01.843+0000] {dag.py:3954} INFO - Setting next_dagrun for airbnb_data_pipeline to 2025-10-19 06:00:00+00:00, run_after=2025-10-20 06:00:00+00:00
[2025-10-19T16:48:01.865+0000] {processor.py:183} INFO - Processing /opt/airflow/dags/airbnb_pipeline_dag.py took 0.107 seconds
[2025-10-19T16:48:32.104+0000] {processor.py:161} INFO - Started process (PID=322) to work on /opt/airflow/dags/airbnb_pipeline_dag.py
[2025-10-19T16:48:32.105+0000] {processor.py:830} INFO - Processing file /opt/airflow/dags/airbnb_pipeline_dag.py for tasks to queue
[2025-10-19T16:48:32.106+0000] {logging_mixin.py:188} INFO - [2025-10-19T16:48:32.106+0000] {dagbag.py:545} INFO - Filling up the DagBag from /opt/airflow/dags/airbnb_pipeline_dag.py
[2025-10-19T16:48:32.127+0000] {processor.py:840} INFO - DAG(s) 'airbnb_data_pipeline' retrieved from /opt/airflow/dags/airbnb_pipeline_dag.py
[2025-10-19T16:48:32.161+0000] {logging_mixin.py:188} INFO - [2025-10-19T16:48:32.160+0000] {dag.py:3096} INFO - Sync 1 DAGs
[2025-10-19T16:48:32.185+0000] {logging_mixin.py:188} INFO - [2025-10-19T16:48:32.185+0000] {dag.py:3954} INFO - Setting next_dagrun for airbnb_data_pipeline to 2025-10-19 06:00:00+00:00, run_after=2025-10-20 06:00:00+00:00
[2025-10-19T16:48:32.209+0000] {processor.py:183} INFO - Processing /opt/airflow/dags/airbnb_pipeline_dag.py took 0.111 seconds
[2025-10-19T16:49:02.401+0000] {processor.py:161} INFO - Started process (PID=327) to work on /opt/airflow/dags/airbnb_pipeline_dag.py
[2025-10-19T16:49:02.402+0000] {processor.py:830} INFO - Processing file /opt/airflow/dags/airbnb_pipeline_dag.py for tasks to queue
[2025-10-19T16:49:02.404+0000] {logging_mixin.py:188} INFO - [2025-10-19T16:49:02.404+0000] {dagbag.py:545} INFO - Filling up the DagBag from /opt/airflow/dags/airbnb_pipeline_dag.py
[2025-10-19T16:49:02.427+0000] {processor.py:840} INFO - DAG(s) 'airbnb_data_pipeline' retrieved from /opt/airflow/dags/airbnb_pipeline_dag.py
[2025-10-19T16:49:02.460+0000] {logging_mixin.py:188} INFO - [2025-10-19T16:49:02.460+0000] {dag.py:3096} INFO - Sync 1 DAGs
[2025-10-19T16:49:02.483+0000] {logging_mixin.py:188} INFO - [2025-10-19T16:49:02.483+0000] {dag.py:3954} INFO - Setting next_dagrun for airbnb_data_pipeline to 2025-10-19 06:00:00+00:00, run_after=2025-10-20 06:00:00+00:00
[2025-10-19T16:49:02.508+0000] {processor.py:183} INFO - Processing /opt/airflow/dags/airbnb_pipeline_dag.py took 0.113 seconds
[2025-10-19T16:49:32.760+0000] {processor.py:161} INFO - Started process (PID=332) to work on /opt/airflow/dags/airbnb_pipeline_dag.py
[2025-10-19T16:49:32.761+0000] {processor.py:830} INFO - Processing file /opt/airflow/dags/airbnb_pipeline_dag.py for tasks to queue
[2025-10-19T16:49:32.762+0000] {logging_mixin.py:188} INFO - [2025-10-19T16:49:32.762+0000] {dagbag.py:545} INFO - Filling up the DagBag from /opt/airflow/dags/airbnb_pipeline_dag.py
[2025-10-19T16:49:32.780+0000] {processor.py:840} INFO - DAG(s) 'airbnb_data_pipeline' retrieved from /opt/airflow/dags/airbnb_pipeline_dag.py
[2025-10-19T16:49:32.812+0000] {logging_mixin.py:188} INFO - [2025-10-19T16:49:32.812+0000] {dag.py:3096} INFO - Sync 1 DAGs
[2025-10-19T16:49:32.834+0000] {logging_mixin.py:188} INFO - [2025-10-19T16:49:32.834+0000] {dag.py:3954} INFO - Setting next_dagrun for airbnb_data_pipeline to 2025-10-19 06:00:00+00:00, run_after=2025-10-20 06:00:00+00:00
[2025-10-19T16:49:32.858+0000] {processor.py:183} INFO - Processing /opt/airflow/dags/airbnb_pipeline_dag.py took 0.104 seconds
[2025-10-19T16:50:03.100+0000] {processor.py:161} INFO - Started process (PID=337) to work on /opt/airflow/dags/airbnb_pipeline_dag.py
[2025-10-19T16:50:03.101+0000] {processor.py:830} INFO - Processing file /opt/airflow/dags/airbnb_pipeline_dag.py for tasks to queue
[2025-10-19T16:50:03.103+0000] {logging_mixin.py:188} INFO - [2025-10-19T16:50:03.102+0000] {dagbag.py:545} INFO - Filling up the DagBag from /opt/airflow/dags/airbnb_pipeline_dag.py
[2025-10-19T16:50:03.130+0000] {processor.py:840} INFO - DAG(s) 'airbnb_data_pipeline' retrieved from /opt/airflow/dags/airbnb_pipeline_dag.py
[2025-10-19T16:50:03.162+0000] {logging_mixin.py:188} INFO - [2025-10-19T16:50:03.162+0000] {dag.py:3096} INFO - Sync 1 DAGs
[2025-10-19T16:50:03.184+0000] {logging_mixin.py:188} INFO - [2025-10-19T16:50:03.183+0000] {dag.py:3954} INFO - Setting next_dagrun for airbnb_data_pipeline to 2025-10-19 06:00:00+00:00, run_after=2025-10-20 06:00:00+00:00
[2025-10-19T16:50:03.208+0000] {processor.py:183} INFO - Processing /opt/airflow/dags/airbnb_pipeline_dag.py took 0.115 seconds
[2025-10-19T16:50:33.420+0000] {processor.py:161} INFO - Started process (PID=342) to work on /opt/airflow/dags/airbnb_pipeline_dag.py
[2025-10-19T16:50:33.421+0000] {processor.py:830} INFO - Processing file /opt/airflow/dags/airbnb_pipeline_dag.py for tasks to queue
[2025-10-19T16:50:33.424+0000] {logging_mixin.py:188} INFO - [2025-10-19T16:50:33.423+0000] {dagbag.py:545} INFO - Filling up the DagBag from /opt/airflow/dags/airbnb_pipeline_dag.py
[2025-10-19T16:50:33.444+0000] {processor.py:840} INFO - DAG(s) 'airbnb_data_pipeline' retrieved from /opt/airflow/dags/airbnb_pipeline_dag.py
[2025-10-19T16:50:33.477+0000] {logging_mixin.py:188} INFO - [2025-10-19T16:50:33.477+0000] {dag.py:3096} INFO - Sync 1 DAGs
[2025-10-19T16:50:33.500+0000] {logging_mixin.py:188} INFO - [2025-10-19T16:50:33.500+0000] {dag.py:3954} INFO - Setting next_dagrun for airbnb_data_pipeline to 2025-10-19 06:00:00+00:00, run_after=2025-10-20 06:00:00+00:00
[2025-10-19T16:50:33.527+0000] {processor.py:183} INFO - Processing /opt/airflow/dags/airbnb_pipeline_dag.py took 0.114 seconds
[2025-10-19T16:51:03.761+0000] {processor.py:161} INFO - Started process (PID=347) to work on /opt/airflow/dags/airbnb_pipeline_dag.py
[2025-10-19T16:51:03.762+0000] {processor.py:830} INFO - Processing file /opt/airflow/dags/airbnb_pipeline_dag.py for tasks to queue
[2025-10-19T16:51:03.764+0000] {logging_mixin.py:188} INFO - [2025-10-19T16:51:03.763+0000] {dagbag.py:545} INFO - Filling up the DagBag from /opt/airflow/dags/airbnb_pipeline_dag.py
[2025-10-19T16:51:03.784+0000] {processor.py:840} INFO - DAG(s) 'airbnb_data_pipeline' retrieved from /opt/airflow/dags/airbnb_pipeline_dag.py
[2025-10-19T16:51:03.816+0000] {logging_mixin.py:188} INFO - [2025-10-19T16:51:03.815+0000] {dag.py:3096} INFO - Sync 1 DAGs
[2025-10-19T16:51:03.838+0000] {logging_mixin.py:188} INFO - [2025-10-19T16:51:03.838+0000] {dag.py:3954} INFO - Setting next_dagrun for airbnb_data_pipeline to 2025-10-19 06:00:00+00:00, run_after=2025-10-20 06:00:00+00:00
[2025-10-19T16:51:03.863+0000] {processor.py:183} INFO - Processing /opt/airflow/dags/airbnb_pipeline_dag.py took 0.109 seconds
[2025-10-19T16:51:34.085+0000] {processor.py:161} INFO - Started process (PID=352) to work on /opt/airflow/dags/airbnb_pipeline_dag.py
[2025-10-19T16:51:34.086+0000] {processor.py:830} INFO - Processing file /opt/airflow/dags/airbnb_pipeline_dag.py for tasks to queue
[2025-10-19T16:51:34.088+0000] {logging_mixin.py:188} INFO - [2025-10-19T16:51:34.087+0000] {dagbag.py:545} INFO - Filling up the DagBag from /opt/airflow/dags/airbnb_pipeline_dag.py
[2025-10-19T16:51:34.110+0000] {processor.py:840} INFO - DAG(s) 'airbnb_data_pipeline' retrieved from /opt/airflow/dags/airbnb_pipeline_dag.py
[2025-10-19T16:51:34.148+0000] {logging_mixin.py:188} INFO - [2025-10-19T16:51:34.147+0000] {dag.py:3096} INFO - Sync 1 DAGs
[2025-10-19T16:51:34.173+0000] {logging_mixin.py:188} INFO - [2025-10-19T16:51:34.173+0000] {dag.py:3954} INFO - Setting next_dagrun for airbnb_data_pipeline to 2025-10-19 06:00:00+00:00, run_after=2025-10-20 06:00:00+00:00
[2025-10-19T16:51:34.203+0000] {processor.py:183} INFO - Processing /opt/airflow/dags/airbnb_pipeline_dag.py took 0.125 seconds
[2025-10-19T16:52:04.387+0000] {processor.py:161} INFO - Started process (PID=357) to work on /opt/airflow/dags/airbnb_pipeline_dag.py
[2025-10-19T16:52:04.388+0000] {processor.py:830} INFO - Processing file /opt/airflow/dags/airbnb_pipeline_dag.py for tasks to queue
[2025-10-19T16:52:04.391+0000] {logging_mixin.py:188} INFO - [2025-10-19T16:52:04.390+0000] {dagbag.py:545} INFO - Filling up the DagBag from /opt/airflow/dags/airbnb_pipeline_dag.py
[2025-10-19T16:52:04.410+0000] {processor.py:840} INFO - DAG(s) 'airbnb_data_pipeline' retrieved from /opt/airflow/dags/airbnb_pipeline_dag.py
[2025-10-19T16:52:04.446+0000] {logging_mixin.py:188} INFO - [2025-10-19T16:52:04.446+0000] {dag.py:3096} INFO - Sync 1 DAGs
[2025-10-19T16:52:04.472+0000] {logging_mixin.py:188} INFO - [2025-10-19T16:52:04.472+0000] {dag.py:3954} INFO - Setting next_dagrun for airbnb_data_pipeline to 2025-10-19 06:00:00+00:00, run_after=2025-10-20 06:00:00+00:00
[2025-10-19T16:52:04.547+0000] {processor.py:183} INFO - Processing /opt/airflow/dags/airbnb_pipeline_dag.py took 0.165 seconds
[2025-10-19T16:52:34.730+0000] {processor.py:161} INFO - Started process (PID=362) to work on /opt/airflow/dags/airbnb_pipeline_dag.py
[2025-10-19T16:52:34.731+0000] {processor.py:830} INFO - Processing file /opt/airflow/dags/airbnb_pipeline_dag.py for tasks to queue
[2025-10-19T16:52:34.733+0000] {logging_mixin.py:188} INFO - [2025-10-19T16:52:34.733+0000] {dagbag.py:545} INFO - Filling up the DagBag from /opt/airflow/dags/airbnb_pipeline_dag.py
[2025-10-19T16:52:34.750+0000] {processor.py:840} INFO - DAG(s) 'airbnb_data_pipeline' retrieved from /opt/airflow/dags/airbnb_pipeline_dag.py
[2025-10-19T16:52:34.779+0000] {logging_mixin.py:188} INFO - [2025-10-19T16:52:34.778+0000] {dag.py:3096} INFO - Sync 1 DAGs
[2025-10-19T16:52:34.800+0000] {logging_mixin.py:188} INFO - [2025-10-19T16:52:34.800+0000] {dag.py:3954} INFO - Setting next_dagrun for airbnb_data_pipeline to 2025-10-19 06:00:00+00:00, run_after=2025-10-20 06:00:00+00:00
[2025-10-19T16:52:34.827+0000] {processor.py:183} INFO - Processing /opt/airflow/dags/airbnb_pipeline_dag.py took 0.102 seconds
[2025-10-19T16:53:05.010+0000] {processor.py:161} INFO - Started process (PID=367) to work on /opt/airflow/dags/airbnb_pipeline_dag.py
[2025-10-19T16:53:05.011+0000] {processor.py:830} INFO - Processing file /opt/airflow/dags/airbnb_pipeline_dag.py for tasks to queue
[2025-10-19T16:53:05.013+0000] {logging_mixin.py:188} INFO - [2025-10-19T16:53:05.013+0000] {dagbag.py:545} INFO - Filling up the DagBag from /opt/airflow/dags/airbnb_pipeline_dag.py
[2025-10-19T16:53:05.036+0000] {processor.py:840} INFO - DAG(s) 'airbnb_data_pipeline' retrieved from /opt/airflow/dags/airbnb_pipeline_dag.py
[2025-10-19T16:53:05.073+0000] {logging_mixin.py:188} INFO - [2025-10-19T16:53:05.072+0000] {dag.py:3096} INFO - Sync 1 DAGs
[2025-10-19T16:53:05.104+0000] {logging_mixin.py:188} INFO - [2025-10-19T16:53:05.104+0000] {dag.py:3954} INFO - Setting next_dagrun for airbnb_data_pipeline to 2025-10-19 06:00:00+00:00, run_after=2025-10-20 06:00:00+00:00
[2025-10-19T16:53:05.132+0000] {processor.py:183} INFO - Processing /opt/airflow/dags/airbnb_pipeline_dag.py took 0.127 seconds
[2025-10-19T16:53:35.357+0000] {processor.py:161} INFO - Started process (PID=372) to work on /opt/airflow/dags/airbnb_pipeline_dag.py
[2025-10-19T16:53:35.358+0000] {processor.py:830} INFO - Processing file /opt/airflow/dags/airbnb_pipeline_dag.py for tasks to queue
[2025-10-19T16:53:35.360+0000] {logging_mixin.py:188} INFO - [2025-10-19T16:53:35.360+0000] {dagbag.py:545} INFO - Filling up the DagBag from /opt/airflow/dags/airbnb_pipeline_dag.py
[2025-10-19T16:53:35.377+0000] {processor.py:840} INFO - DAG(s) 'airbnb_data_pipeline' retrieved from /opt/airflow/dags/airbnb_pipeline_dag.py
[2025-10-19T16:53:35.408+0000] {logging_mixin.py:188} INFO - [2025-10-19T16:53:35.408+0000] {dag.py:3096} INFO - Sync 1 DAGs
[2025-10-19T16:53:35.431+0000] {logging_mixin.py:188} INFO - [2025-10-19T16:53:35.431+0000] {dag.py:3954} INFO - Setting next_dagrun for airbnb_data_pipeline to 2025-10-19 06:00:00+00:00, run_after=2025-10-20 06:00:00+00:00
[2025-10-19T16:53:35.456+0000] {processor.py:183} INFO - Processing /opt/airflow/dags/airbnb_pipeline_dag.py took 0.105 seconds
[2025-10-19T16:54:05.674+0000] {processor.py:161} INFO - Started process (PID=377) to work on /opt/airflow/dags/airbnb_pipeline_dag.py
[2025-10-19T16:54:05.675+0000] {processor.py:830} INFO - Processing file /opt/airflow/dags/airbnb_pipeline_dag.py for tasks to queue
[2025-10-19T16:54:05.677+0000] {logging_mixin.py:188} INFO - [2025-10-19T16:54:05.676+0000] {dagbag.py:545} INFO - Filling up the DagBag from /opt/airflow/dags/airbnb_pipeline_dag.py
[2025-10-19T16:54:05.696+0000] {processor.py:840} INFO - DAG(s) 'airbnb_data_pipeline' retrieved from /opt/airflow/dags/airbnb_pipeline_dag.py
[2025-10-19T16:54:05.728+0000] {logging_mixin.py:188} INFO - [2025-10-19T16:54:05.728+0000] {dag.py:3096} INFO - Sync 1 DAGs
[2025-10-19T16:54:05.750+0000] {logging_mixin.py:188} INFO - [2025-10-19T16:54:05.750+0000] {dag.py:3954} INFO - Setting next_dagrun for airbnb_data_pipeline to 2025-10-19 06:00:00+00:00, run_after=2025-10-20 06:00:00+00:00
[2025-10-19T16:54:05.776+0000] {processor.py:183} INFO - Processing /opt/airflow/dags/airbnb_pipeline_dag.py took 0.108 seconds
[2025-10-19T16:54:36.066+0000] {processor.py:161} INFO - Started process (PID=382) to work on /opt/airflow/dags/airbnb_pipeline_dag.py
[2025-10-19T16:54:36.067+0000] {processor.py:830} INFO - Processing file /opt/airflow/dags/airbnb_pipeline_dag.py for tasks to queue
[2025-10-19T16:54:36.069+0000] {logging_mixin.py:188} INFO - [2025-10-19T16:54:36.069+0000] {dagbag.py:545} INFO - Filling up the DagBag from /opt/airflow/dags/airbnb_pipeline_dag.py
[2025-10-19T16:54:36.089+0000] {processor.py:840} INFO - DAG(s) 'airbnb_data_pipeline' retrieved from /opt/airflow/dags/airbnb_pipeline_dag.py
[2025-10-19T16:54:36.119+0000] {logging_mixin.py:188} INFO - [2025-10-19T16:54:36.119+0000] {dag.py:3096} INFO - Sync 1 DAGs
[2025-10-19T16:54:36.143+0000] {logging_mixin.py:188} INFO - [2025-10-19T16:54:36.143+0000] {dag.py:3954} INFO - Setting next_dagrun for airbnb_data_pipeline to 2025-10-19 06:00:00+00:00, run_after=2025-10-20 06:00:00+00:00
[2025-10-19T16:54:36.168+0000] {processor.py:183} INFO - Processing /opt/airflow/dags/airbnb_pipeline_dag.py took 0.108 seconds
[2025-10-19T16:55:06.364+0000] {processor.py:161} INFO - Started process (PID=387) to work on /opt/airflow/dags/airbnb_pipeline_dag.py
[2025-10-19T16:55:06.365+0000] {processor.py:830} INFO - Processing file /opt/airflow/dags/airbnb_pipeline_dag.py for tasks to queue
[2025-10-19T16:55:06.367+0000] {logging_mixin.py:188} INFO - [2025-10-19T16:55:06.366+0000] {dagbag.py:545} INFO - Filling up the DagBag from /opt/airflow/dags/airbnb_pipeline_dag.py
[2025-10-19T16:55:06.386+0000] {processor.py:840} INFO - DAG(s) 'airbnb_data_pipeline' retrieved from /opt/airflow/dags/airbnb_pipeline_dag.py
[2025-10-19T16:55:06.423+0000] {logging_mixin.py:188} INFO - [2025-10-19T16:55:06.423+0000] {dag.py:3096} INFO - Sync 1 DAGs
[2025-10-19T16:55:06.448+0000] {logging_mixin.py:188} INFO - [2025-10-19T16:55:06.447+0000] {dag.py:3954} INFO - Setting next_dagrun for airbnb_data_pipeline to 2025-10-19 06:00:00+00:00, run_after=2025-10-20 06:00:00+00:00
[2025-10-19T16:55:06.474+0000] {processor.py:183} INFO - Processing /opt/airflow/dags/airbnb_pipeline_dag.py took 0.115 seconds
