[2025-10-19T16:33:47.793+0000] {local_task_job_runner.py:120} INFO - ::group::Pre task execution logs
[2025-10-19T16:33:47.826+0000] {taskinstance.py:2076} INFO - Dependencies all met for dep_context=non-requeueable deps ti=<TaskInstance: airbnb_data_pipeline.extract manual__2025-10-19T16:33:46.517974+00:00 [queued]>
[2025-10-19T16:33:47.835+0000] {taskinstance.py:2076} INFO - Dependencies all met for dep_context=requeueable deps ti=<TaskInstance: airbnb_data_pipeline.extract manual__2025-10-19T16:33:46.517974+00:00 [queued]>
[2025-10-19T16:33:47.836+0000] {taskinstance.py:2306} INFO - Starting attempt 1 of 2
[2025-10-19T16:33:47.849+0000] {taskinstance.py:2330} INFO - Executing <Task(BashOperator): extract> on 2025-10-19 16:33:46.517974+00:00
[2025-10-19T16:33:47.855+0000] {standard_task_runner.py:90} INFO - Running: ['***', 'tasks', 'run', 'airbnb_data_pipeline', 'extract', 'manual__2025-10-19T16:33:46.517974+00:00', '--job-id', '4', '--raw', '--subdir', 'DAGS_FOLDER/airbnb_pipeline_dag.py', '--cfg-path', '/tmp/tmp6rgmzhng']
[2025-10-19T16:33:47.858+0000] {standard_task_runner.py:91} INFO - Job 4: Subtask extract
[2025-10-19T16:33:47.859+0000] {logging_mixin.py:188} WARNING - /home/***/.local/lib/python3.12/site-packages/***/task/task_runner/standard_task_runner.py:61 DeprecationWarning: This process (pid=417) is multi-threaded, use of fork() may lead to deadlocks in the child.
[2025-10-19T16:33:47.860+0000] {standard_task_runner.py:63} INFO - Started process 418 to run task
[2025-10-19T16:33:47.927+0000] {task_command.py:426} INFO - Running <TaskInstance: airbnb_data_pipeline.extract manual__2025-10-19T16:33:46.517974+00:00 [running]> on host 89568661f918
[2025-10-19T16:33:48.019+0000] {taskinstance.py:2648} INFO - Exporting env vars: AIRFLOW_CTX_DAG_OWNER='***' AIRFLOW_CTX_DAG_ID='airbnb_data_pipeline' AIRFLOW_CTX_TASK_ID='extract' AIRFLOW_CTX_EXECUTION_DATE='2025-10-19T16:33:46.517974+00:00' AIRFLOW_CTX_TRY_NUMBER='1' AIRFLOW_CTX_DAG_RUN_ID='manual__2025-10-19T16:33:46.517974+00:00'
[2025-10-19T16:33:48.020+0000] {taskinstance.py:430} INFO - ::endgroup::
[2025-10-19T16:33:48.034+0000] {subprocess.py:63} INFO - Tmp dir root location: /tmp
[2025-10-19T16:33:48.036+0000] {subprocess.py:75} INFO - Running command: ['/usr/bin/bash', '-c', 'python /opt/***/scripts/extract.py']
[2025-10-19T16:33:48.045+0000] {subprocess.py:86} INFO - Output:
[2025-10-19T16:33:48.519+0000] {subprocess.py:93} INFO - [extract] Using local sample: /opt/***/data/raw/listings.csv
[2025-10-19T16:33:48.536+0000] {subprocess.py:97} INFO - Command exited with return code 0
[2025-10-19T16:33:48.537+0000] {taskinstance.py:441} INFO - ::group::Post task execution logs
[2025-10-19T16:33:48.563+0000] {taskinstance.py:1206} INFO - Marking task as SUCCESS. dag_id=airbnb_data_pipeline, task_id=extract, run_id=manual__2025-10-19T16:33:46.517974+00:00, execution_date=20251019T163346, start_date=20251019T163347, end_date=20251019T163348
[2025-10-19T16:33:48.597+0000] {local_task_job_runner.py:240} INFO - Task exited with return code 0
[2025-10-19T16:33:48.623+0000] {taskinstance.py:3503} INFO - 1 downstream tasks scheduled from follow-on schedule check
[2025-10-19T16:33:48.625+0000] {local_task_job_runner.py:222} INFO - ::endgroup::
